
* Started at 2023-07-26T21:12:06.720336Z

* Settings
Project dir: /Users/ttresansky/Projects/compilation-avoidance-experiment
Output dir: /Users/ttresansky/Projects/compilation-avoidance-experiment/results/abiChange/bazel
Profiler: none
Benchmark: true
Versions: []
Gradle User Home: /Users/ttresansky/Projects/compilation-avoidance-experiment/gradle-user-home
Targets: [abiChange]
Warm-ups: 5
Builds: 10

* Scenarios
Scenario: abiChange using bazel
  Targets: [build, --nogenerate_json_trace_profile, //...]
  Build changes: [ApplyAbiChangeToSourceFileMutator(/Users/ttresansky/Projects/compilation-avoidance-experiment/subprojects/project0/src/main/java/org/gradle/test/performance/compilationavoidanceexperiment/project0/p0/Production0.java)]
  Warm-ups: 5
  Builds: 10

* Running scenario abiChange using bazel (scenario 1/1)

* Running warm-up build #1
Running command bazel build --nogenerate_json_trace_profile //...
Loading: 
Loading: 
Loading: 0 packages loaded
Analyzing: 3000 targets (0 packages loaded, 0 targets configured)
INFO: Analyzed 3000 targets (0 packages loaded, 0 targets configured).
INFO: Found 3000 targets...
[0 / 62] [Prepa] BazelWorkspaceStatusAction stable-status.txt
[16 / 2,000] Compiling Java headers subprojects/project96/libproject96-hjar.jar (10 source files); 1s darwin-sandbox ... (12 actions, 11 running)
[69 / 1,984] Compiling Java headers subprojects/project84/libproject84-hjar.jar (10 source files); 0s darwin-sandbox ... (12 actions, 11 running)
[94 / 1,983] Compiling Java headers subprojects/project48/libproject48-hjar.jar (10 source files); 0s darwin-sandbox ... (12 actions, 11 running)
[139 / 1,964] Compiling Java headers subprojects/project72/libproject72-hjar.jar (10 source files); 0s darwin-sandbox ... (12 actions, 11 running)
[167 / 1,956] Compiling Java headers subprojects/project992/libproject992-hjar.jar (10 source files); 1s darwin-sandbox ... (12 actions, 11 running)
[216 / 1,936] Compiling Java headers subprojects/project160/libproject160-hjar.jar (10 source files); 0s darwin-sandbox ... (12 actions, 11 running)
[259 / 1,930] Compiling Java headers subprojects/project188/libproject188-hjar.jar (10 source files); 0s darwin-sandbox ... (12 actions, 11 running)
[298 / 1,912] Compiling Java headers subprojects/project212/libproject212-hjar.jar (10 source files); 0s darwin-sandbox ... (12 actions, 11 running)
[336 / 1,900] Compiling Java headers subprojects/project228/libproject228-hjar.jar (10 source files); 0s darwin-sandbox ... (12 actions, 11 running)
[383 / 1,884] Compiling Java headers subprojects/project240/libproject240-hjar.jar (10 source files); 0s darwin-sandbox ... (12 actions, 11 running)
[422 / 1,868] Compiling Java headers subprojects/project252/libproject252-hjar.jar (10 source files); 0s darwin-sandbox ... (12 actions, 11 running)
[452 / 1,857] Compiling Java headers subprojects/project256/libproject256-hjar.jar (10 source files); 0s darwin-sandbox ... (12 actions, 11 running)
[503 / 1,847] Compiling Java headers subprojects/project368/libproject368-hjar.jar (10 source files); 0s darwin-sandbox ... (12 actions, 11 running)
[536 / 1,837] Compiling Java headers subprojects/project440/libproject440-hjar.jar (10 source files); 0s darwin-sandbox ... (12 actions running)
[568 / 1,830] Compiling Java headers subprojects/project432/libproject432-hjar.jar (10 source files); 1s darwin-sandbox ... (12 actions running)
[614 / 1,828] Compiling Java headers subprojects/project292/libproject292-hjar.jar (10 source files); 1s darwin-sandbox ... (12 actions running)
[659 / 1,816] Compiling Java headers subprojects/project304/libproject304-hjar.jar (10 source files); 0s darwin-sandbox ... (12 actions running)
[696 / 1,809] Compiling Java headers subprojects/project324/libproject324-hjar.jar (10 source files); 0s darwin-sandbox ... (12 actions running)
[740 / 1,790] Compiling Java headers subprojects/project484/libproject484-hjar.jar (10 source files); 0s darwin-sandbox ... (12 actions running)
[790 / 1,747] Compiling Java headers subprojects/project840/libproject840-hjar.jar (10 source files); 0s darwin-sandbox ... (12 actions running)
[831 / 1,733] Compiling Java headers subprojects/project508/libproject508-hjar.jar (10 source files); 0s darwin-sandbox ... (12 actions running)
[877 / 1,713] Compiling Java headers subprojects/project363/libproject363-hjar.jar (10 source files); 1s darwin-sandbox ... (12 actions running)
[902 / 1,709] Compiling Java headers subprojects/project363/libproject363-hjar.jar (10 source files); 2s darwin-sandbox ... (12 actions, 11 running)
[944 / 1,703] Compiling Java headers subprojects/project748/libproject748-hjar.jar (10 source files); 0s darwin-sandbox ... (12 actions, 10 running)
[980 / 1,697] Compiling Java headers subprojects/project548/libproject548-hjar.jar (10 source files); 0s darwin-sandbox ... (12 actions, 9 running)
[1,012 / 1,687] Building subprojects/project363/libproject363.jar (10 source files); 1s multiplex-worker ... (12 actions, 11 running)
[1,056 / 1,685] Compiling Java headers subprojects/project764/libproject764-hjar.jar (10 source files); 0s darwin-sandbox ... (12 actions running)
[1,099 / 1,669] Compiling Java headers subprojects/project940/libproject940-hjar.jar (10 source files); 0s darwin-sandbox ... (12 actions, 11 running)
[1,145 / 1,646] Compiling Java headers subprojects/project584/libproject584-hjar.jar (10 source files); 0s darwin-sandbox ... (12 actions, 11 running)
[1,177 / 1,631] Compiling Java headers subprojects/project596/libproject596-hjar.jar (10 source files); 0s darwin-sandbox ... (12 actions, 9 running)
[1,226 / 1,597] Compiling Java headers subprojects/project852/libproject852-hjar.jar (10 source files); 0s darwin-sandbox ... (12 actions, 11 running)
[1,265 / 1,589] Compiling Java headers subprojects/project604/libproject604-hjar.jar (10 source files); 0s darwin-sandbox ... (12 actions, 11 running)
[1,304 / 1,577] Compiling Java headers subprojects/project660/libproject660-hjar.jar (10 source files); 0s darwin-sandbox ... (12 actions running)
[1,349 / 1,563] Compiling Java headers subprojects/project676/libproject676-hjar.jar (10 source files); 0s darwin-sandbox ... (12 actions, 11 running)
[1,396 / 1,545] Compiling Java headers subprojects/project692/libproject692-hjar.jar (10 source files); 0s darwin-sandbox ... (12 actions running)
[1,433 / 1,534] Compiling Java headers subprojects/project916/libproject916-hjar.jar (10 source files); 0s darwin-sandbox ... (12 actions, 11 running)
[1,487 / 1,507] Compiling Java headers subprojects/project928/libproject928-hjar.jar (10 source files); 1s darwin-sandbox ... (3 actions, 1 running)
INFO: Elapsed time: 40.770s, Critical Path: 9.12s
INFO: 1254 processes: 1 internal, 253 darwin-sandbox, 1000 worker.
INFO: Build completed successfully, 1254 total actions
Execution time 41115 ms

* Running warm-up build #2
Running command bazel build --nogenerate_json_trace_profile //...
Loading: 
Loading: 
Loading: 0 packages loaded
Analyzing: 3000 targets (0 packages loaded, 0 targets configured)
INFO: Analyzed 3000 targets (0 packages loaded, 0 targets configured).
INFO: Found 3000 targets...
[0 / 70] [Prepa] BazelWorkspaceStatusAction stable-status.txt
[17 / 2,000] Compiling Java headers subprojects/project100/libproject100-hjar.jar (10 source files); 1s darwin-sandbox ... (11 actions, 10 running)
[70 / 1,981] Compiling Java headers subprojects/project4/libproject4-hjar.jar (10 source files); 0s darwin-sandbox ... (12 actions, 11 running)
[90 / 1,978] Compiling Java headers subprojects/project140/libproject140-hjar.jar (10 source files); 1s darwin-sandbox ... (12 actions running)
[126 / 1,965] Compiling Java headers subprojects/project20/libproject20-hjar.jar (10 source files); 0s darwin-sandbox ... (12 actions, 11 running)
[162 / 1,961] Compiling Java headers subprojects/project36/libproject36-hjar.jar (10 source files); 0s darwin-sandbox ... (12 actions, 11 running)
[198 / 1,953] Compiling Java headers subprojects/project148/libproject148-hjar.jar (10 source files); 1s darwin-sandbox ... (12 actions running)
[250 / 1,932] Compiling Java headers subprojects/project160/libproject160-hjar.jar (10 source files); 0s darwin-sandbox ... (12 actions running)
[282 / 1,915] Compiling Java headers subprojects/project192/libproject192-hjar.jar (10 source files); 0s darwin-sandbox ... (12 actions running)
[330 / 1,898] Compiling Java headers subprojects/project120/libproject120-hjar.jar (10 source files); 0s darwin-sandbox ... (12 actions running)
[365 / 1,887] Compiling Java headers subprojects/project976/libproject976-hjar.jar (10 source files); 0s darwin-sandbox ... (12 actions, 11 running)
[405 / 1,871] Compiling Java headers subprojects/project328/libproject328-hjar.jar (10 source files); 0s darwin-sandbox ... (12 actions running)
[449 / 1,861] Compiling Java headers subprojects/project336/libproject336-hjar.jar (10 source files); 0s darwin-sandbox ... (12 actions, 10 running)
[496 / 1,840] Compiling Java headers subprojects/project256/libproject256-hjar.jar (10 source files); 0s darwin-sandbox ... (12 actions running)
[525 / 1,834] Compiling Java headers subprojects/project404/libproject404-hjar.jar (10 source files); 1s darwin-sandbox ... (11 actions running)
[566 / 1,817] Compiling Java headers subprojects/project572/libproject572-hjar.jar (10 source files); 0s darwin-sandbox ... (12 actions, 11 running)
[615 / 1,808] Compiling Java headers subprojects/project232/libproject232-hjar.jar (10 source files); 0s darwin-sandbox ... (12 actions, 11 running)
[648 / 1,802] Compiling Java headers subprojects/project580/libproject580-hjar.jar (10 source files); 1s darwin-sandbox ... (12 actions, 11 running)
[688 / 1,795] Compiling Java headers subprojects/project388/libproject388-hjar.jar (10 source files); 0s darwin-sandbox ... (12 actions, 11 running)
[724 / 1,789] Compiling Java headers subprojects/project392/libproject392-hjar.jar (10 source files); 0s darwin-sandbox ... (12 actions running)
[770 / 1,778] Compiling Java headers subprojects/project400/libproject400-hjar.jar (10 source files); 0s darwin-sandbox ... (12 actions running)
[810 / 1,760] Compiling Java headers subprojects/project363/libproject363-hjar.jar (10 source files); 1s darwin-sandbox ... (12 actions running)
[851 / 1,744] Compiling Java headers subprojects/project363/libproject363-hjar.jar (10 source files); 2s darwin-sandbox ... (12 actions running)
[904 / 1,704] Building subprojects/project363/tests_for_project363.jar (11 source files); 0s multiplex-worker ... (12 actions running)
[945 / 1,696] Compiling Java headers subprojects/project484/libproject484-hjar.jar (10 source files); 0s darwin-sandbox ... (12 actions, 11 running)
[979 / 1,683] Compiling Java headers subprojects/project644/libproject644-hjar.jar (10 source files); 0s darwin-sandbox ... (12 actions running)
[1,020 / 1,672] Compiling Java headers subprojects/project612/libproject612-hjar.jar (10 source files); 0s darwin-sandbox ... (12 actions running)
[1,066 / 1,651] Compiling Java headers subprojects/project908/libproject908-hjar.jar (10 source files); 0s darwin-sandbox ... (12 actions running)
[1,113 / 1,641] Compiling Java headers subprojects/project672/libproject672-hjar.jar (10 source files); 0s darwin-sandbox ... (12 actions, 10 running)
[1,148 / 1,630] Compiling Java headers subprojects/project840/libproject840-hjar.jar (10 source files); 0s darwin-sandbox ... (12 actions running)
[1,186 / 1,624] Compiling Java headers subprojects/project736/libproject736-hjar.jar (10 source files); 0s darwin-sandbox ... (12 actions running)
[1,221 / 1,624] Compiling Java headers subprojects/project752/libproject752-hjar.jar (10 source files); 0s darwin-sandbox ... (12 actions running)
[1,259 / 1,616] Compiling Java headers subprojects/project852/libproject852-hjar.jar (10 source files); 0s darwin-sandbox ... (12 actions running)
[1,306 / 1,589] Compiling Java headers subprojects/project536/libproject536-hjar.jar (10 source files); 0s darwin-sandbox ... (12 actions, 11 running)
[1,345 / 1,560] Compiling Java headers subprojects/project880/libproject880-hjar.jar (10 source files); 0s darwin-sandbox ... (12 actions, 11 running)
[1,389 / 1,550] Compiling Java headers subprojects/project848/libproject848-hjar.jar (10 source files); 0s darwin-sandbox ... (11 actions running)
[1,417 / 1,539] Compiling Java headers subprojects/project928/libproject928-hjar.jar (10 source files); 0s darwin-sandbox ... (12 actions running)
[1,459 / 1,529] Compiling Java headers subprojects/project964/libproject964-hjar.jar (10 source files); 0s darwin-sandbox ... (12 actions, 9 running)
[1,487 / 1,508] Building subprojects/project727/libproject727.jar (10 source files); 1s multiplex-worker ... (10 actions, 9 running)
INFO: Elapsed time: 40.832s, Critical Path: 9.25s
INFO: 1254 processes: 1 internal, 253 darwin-sandbox, 1000 worker.
INFO: Build completed successfully, 1254 total actions
Execution time 41165 ms

* Running warm-up build #3
Running command bazel build --nogenerate_json_trace_profile //...
Loading: 
Loading: 
Loading: 0 packages loaded
Analyzing: 3000 targets (0 packages loaded, 0 targets configured)
INFO: Analyzed 3000 targets (0 packages loaded, 0 targets configured).
INFO: Found 3000 targets...
[0 / 15] [Prepa] BazelWorkspaceStatusAction stable-status.txt
[12 / 2,000] Compiling Java headers subprojects/project100/libproject100-hjar.jar (10 source files); 1s darwin-sandbox ... (12 actions, 11 running)
[65 / 1,987] Compiling Java headers subprojects/project188/libproject188-hjar.jar (10 source files); 0s darwin-sandbox ... (12 actions, 11 running)
[86 / 1,977] Compiling Java headers subprojects/project840/libproject840-hjar.jar (10 source files); 1s darwin-sandbox ... (12 actions, 11 running)
[131 / 1,968] Compiling Java headers subprojects/project60/libproject60-hjar.jar (10 source files); 0s darwin-sandbox ... (12 actions, 11 running)
[156 / 1,965] Compiling Java headers subprojects/project164/libproject164-hjar.jar (10 source files); 1s darwin-sandbox ... (12 actions, 11 running)
[192 / 1,960] Compiling Java headers subprojects/project72/libproject72-hjar.jar (10 source files); 0s darwin-sandbox ... (12 actions running)
[227 / 1,955] Compiling Java headers subprojects/project76/libproject76-hjar.jar (10 source files); 1s darwin-sandbox ... (12 actions running)
[284 / 1,928] Compiling Java headers subprojects/project152/libproject152-hjar.jar (10 source files); 0s darwin-sandbox ... (11 actions running)
[322 / 1,900] Compiling Java headers subprojects/project312/libproject312-hjar.jar (10 source files); 0s darwin-sandbox ... (12 actions running)
[356 / 1,893] Compiling Java headers subprojects/project120/libproject120-hjar.jar (10 source files); 1s darwin-sandbox ... (12 actions, 11 running)
[387 / 1,882] Compiling Java headers subprojects/project332/libproject332-hjar.jar (10 source files); 0s darwin-sandbox ... (12 actions running)
[433 / 1,865] Building subprojects/project321/tests_for_project321.jar (11 source files); 0s multiplex-worker ... (12 actions, 11 running)
[458 / 1,855] Compiling Java headers subprojects/project268/libproject268-hjar.jar (10 source files); 1s darwin-sandbox ... (12 actions, 11 running)
[508 / 1,845] Compiling Java headers subprojects/project652/libproject652-hjar.jar (10 source files); 0s darwin-sandbox ... (12 actions running)
[551 / 1,831] Compiling Java headers subprojects/project808/libproject808-hjar.jar (10 source files); 0s darwin-sandbox ... (11 actions running)
[592 / 1,809] Compiling Java headers subprojects/project820/libproject820-hjar.jar (10 source files); 0s darwin-sandbox ... (12 actions running)
[651 / 1,795] Compiling Java headers subprojects/project224/libproject224-hjar.jar (10 source files); 0s darwin-sandbox ... (11 actions, 8 running)
[687 / 1,782] Compiling Java headers subprojects/project228/libproject228-hjar.jar (10 source files); 0s darwin-sandbox ... (12 actions, 10 running)
[731 / 1,764] Compiling Java headers subprojects/project644/libproject644-hjar.jar (10 source files); 0s darwin-sandbox ... (12 actions running)
[760 / 1,758] Compiling Java headers subprojects/project612/libproject612-hjar.jar (10 source files); 0s darwin-sandbox ... (12 actions running)
[801 / 1,747] Compiling Java headers subprojects/project708/libproject708-hjar.jar (10 source files); 0s darwin-sandbox ... (12 actions running)
[857 / 1,734] Compiling Java headers subprojects/project363/libproject363-hjar.jar (10 source files); 1s darwin-sandbox ... (11 actions running)
[900 / 1,714] Compiling Java headers subprojects/project716/libproject716-hjar.jar (10 source files); 0s darwin-sandbox ... (12 actions running)
[940 / 1,699] Compiling Java headers subprojects/project924/libproject924-hjar.jar (10 source files); 0s darwin-sandbox ... (12 actions, 11 running)
[981 / 1,684] Compiling Java headers subprojects/project724/libproject724-hjar.jar (10 source files); 0s darwin-sandbox ... (12 actions, 9 running)
[1,013 / 1,675] Building subprojects/project363/tests_for_project363.jar (11 source files); 1s multiplex-worker ... (12 actions running)
[1,055 / 1,656] Compiling Java headers subprojects/project912/libproject912-hjar.jar (10 source files); 0s darwin-sandbox ... (12 actions running)
[1,090 / 1,645] Compiling Java headers subprojects/project504/libproject504-hjar.jar (10 source files); 0s darwin-sandbox ... (12 actions, 11 running)
[1,133 / 1,641] Compiling Java headers subprojects/project736/libproject736-hjar.jar (10 source files); 0s darwin-sandbox ... (12 actions running)
[1,161 / 1,626] Compiling Java headers subprojects/project884/libproject884-hjar.jar (10 source files); 1s darwin-sandbox ... (12 actions running)
[1,211 / 1,616] Compiling Java headers subprojects/project864/libproject864-hjar.jar (10 source files); 0s darwin-sandbox ... (12 actions running)
[1,244 / 1,606] Compiling Java headers subprojects/project872/libproject872-hjar.jar (10 source files); 0s darwin-sandbox ... (12 actions running)
[1,281 / 1,595] Compiling Java headers subprojects/project588/libproject588-hjar.jar (10 source files); 1s darwin-sandbox ... (12 actions, 11 running)
[1,317 / 1,585] Compiling Java headers subprojects/project744/libproject744-hjar.jar (10 source files); 0s darwin-sandbox ... (12 actions running)
[1,358 / 1,567] Compiling Java headers subprojects/project584/libproject584-hjar.jar (10 source files); 0s darwin-sandbox ... (12 actions running)
[1,409 / 1,543] Compiling Java headers subprojects/project580/libproject580-hjar.jar (10 source files); 0s darwin-sandbox ... (12 actions, 10 running)
[1,452 / 1,528] Compiling Java headers subprojects/project564/libproject564-hjar.jar (10 source files); 0s darwin-sandbox ... (12 actions running)
[1,494 / 1,505] Building subprojects/project605/libproject605.jar (10 source files); 0s multiplex-worker ... (7 actions running)
INFO: Elapsed time: 40.612s, Critical Path: 8.62s
INFO: 1254 processes: 1 internal, 253 darwin-sandbox, 1000 worker.
INFO: Build completed successfully, 1254 total actions
Execution time 40966 ms

* Running warm-up build #4
Running command bazel build --nogenerate_json_trace_profile //...
Loading: 
Loading: 
Loading: 0 packages loaded
Analyzing: 3000 targets (0 packages loaded, 0 targets configured)
INFO: Analyzed 3000 targets (0 packages loaded, 0 targets configured).
INFO: Found 3000 targets...
[0 / 181] [Prepa] BazelWorkspaceStatusAction stable-status.txt ... (3 actions, 0 running)
[15 / 2,000] Compiling Java headers subprojects/project96/libproject96-hjar.jar (10 source files); 1s darwin-sandbox ... (12 actions, 11 running)
[75 / 1,978] Compiling Java headers subprojects/project84/libproject84-hjar.jar (10 source files); 0s darwin-sandbox ... (12 actions, 11 running)
[89 / 1,975] Compiling Java headers subprojects/project176/libproject176-hjar.jar (10 source files); 1s darwin-sandbox ... (12 actions, 11 running)
[142 / 1,960] Compiling Java headers subprojects/project196/libproject196-hjar.jar (10 source files); 0s darwin-sandbox ... (12 actions running)
[174 / 1,955] Compiling Java headers subprojects/project148/libproject148-hjar.jar (10 source files); 1s darwin-sandbox ... (12 actions, 11 running)
[209 / 1,942] Compiling Java headers subprojects/project20/libproject20-hjar.jar (10 source files); 0s darwin-sandbox ... (12 actions, 11 running)
[244 / 1,938] Compiling Java headers subprojects/project36/libproject36-hjar.jar (10 source files); 0s darwin-sandbox ... (12 actions running)
[275 / 1,937] Compiling Java headers subprojects/project160/libproject160-hjar.jar (10 source files); 1s darwin-sandbox ... (12 actions running)
[299 / 1,930] Compiling Java headers subprojects/project39/libproject39-hjar.jar (10 source files); 1s darwin-sandbox ... (12 actions running)
[349 / 1,915] Compiling Java headers subprojects/project120/libproject120-hjar.jar (10 source files); 0s darwin-sandbox ... (12 actions running)
[387 / 1,908] Compiling Java headers subprojects/project268/libproject268-hjar.jar (10 source files); 0s darwin-sandbox ... (12 actions running)
[435 / 1,875] Compiling Java headers subprojects/project280/libproject280-hjar.jar (10 source files); 0s darwin-sandbox ... (12 actions, 10 running)
[479 / 1,850] Compiling Java headers subprojects/project308/libproject308-hjar.jar (10 source files); 0s darwin-sandbox ... (12 actions, 11 running)
[527 / 1,834] Compiling Java headers subprojects/project320/libproject320-hjar.jar (10 source files); 0s darwin-sandbox ... (12 actions running)
[569 / 1,823] Compiling Java headers subprojects/project412/libproject412-hjar.jar (10 source files); 0s darwin-sandbox ... (12 actions running)
[605 / 1,806] Compiling Java headers subprojects/project420/libproject420-hjar.jar (10 source files); 0s darwin-sandbox ... (12 actions running)
[646 / 1,791] Compiling Java headers subprojects/project363/libproject363-hjar.jar (10 source files); 1s darwin-sandbox ... (12 actions running)
[683 / 1,787] Compiling Java headers subprojects/project363/libproject363-hjar.jar (10 source files); 2s darwin-sandbox ... (12 actions, 11 running)
[722 / 1,766] Compiling Java headers subprojects/project452/libproject452-hjar.jar (10 source files); 0s darwin-sandbox ... (12 actions, 11 running)
[753 / 1,764] Building subprojects/project363/tests_for_project363.jar (11 source files); 0s multiplex-worker ... (12 actions running)
[790 / 1,747] Compiling Java headers subprojects/project484/libproject484-hjar.jar (10 source files); 0s darwin-sandbox ... (12 actions, 11 running)
[828 / 1,738] Compiling Java headers subprojects/project536/libproject536-hjar.jar (10 source files); 0s darwin-sandbox ... (12 actions, 11 running)
[872 / 1,728] Compiling Java headers subprojects/project556/libproject556-hjar.jar (10 source files); 0s darwin-sandbox ... (12 actions running)
[910 / 1,709] Compiling Java headers subprojects/project568/libproject568-hjar.jar (10 source files); 0s darwin-sandbox ... (12 actions, 11 running)
[945 / 1,695] Compiling Java headers subprojects/project876/libproject876-hjar.jar (10 source files); 0s darwin-sandbox ... (12 actions running)
[998 / 1,682] Compiling Java headers subprojects/project600/libproject600-hjar.jar (10 source files); 0s darwin-sandbox ... (12 actions running)
[1,036 / 1,665] Compiling Java headers subprojects/project604/libproject604-hjar.jar (10 source files); 0s darwin-sandbox ... (12 actions, 10 running)
[1,072 / 1,655] Compiling Java headers subprojects/project628/libproject628-hjar.jar (10 source files); 0s darwin-sandbox ... (12 actions, 11 running)
[1,120 / 1,638] Compiling Java headers subprojects/project908/libproject908-hjar.jar (10 source files); 0s darwin-sandbox ... (12 actions, 11 running)
[1,161 / 1,622] Compiling Java headers subprojects/project644/libproject644-hjar.jar (10 source files); 0s darwin-sandbox ... (12 actions running)
[1,208 / 1,609] Compiling Java headers subprojects/project676/libproject676-hjar.jar (10 source files); 0s darwin-sandbox ... (12 actions, 10 running)
[1,253 / 1,595] Compiling Java headers subprojects/project928/libproject928-hjar.jar (10 source files); 0s darwin-sandbox ... (12 actions, 11 running)
[1,296 / 1,577] Compiling Java headers subprojects/project720/libproject720-hjar.jar (10 source files); 0s darwin-sandbox ... (12 actions, 11 running)
[1,337 / 1,566] Compiling Java headers subprojects/project724/libproject724-hjar.jar (10 source files); 0s darwin-sandbox ... (12 actions running)
[1,378 / 1,553] Building subprojects/project727/libproject727.jar (10 source files); 0s multiplex-worker ... (12 actions, 10 running)
[1,422 / 1,536] Compiling Java headers subprojects/project772/libproject772-hjar.jar (10 source files); 0s darwin-sandbox ... (12 actions, 11 running)
[1,463 / 1,526] Compiling Java headers subprojects/project780/libproject780-hjar.jar (10 source files); 0s darwin-sandbox ... (12 actions, 10 running)
[1,499 / 1,502] Compiling Java headers subprojects/project848/libproject848-hjar.jar (10 source files); 1s darwin-sandbox
INFO: Elapsed time: 41.236s, Critical Path: 9.26s
INFO: 1254 processes: 1 internal, 253 darwin-sandbox, 1000 worker.
INFO: Build completed successfully, 1254 total actions
Execution time 41587 ms

* Running warm-up build #5
Running command bazel build --nogenerate_json_trace_profile //...
Loading: 
Loading: 
Loading: 0 packages loaded
Analyzing: 3000 targets (0 packages loaded, 0 targets configured)
INFO: Analyzed 3000 targets (0 packages loaded, 0 targets configured).
INFO: Found 3000 targets...
[0 / 57] [Prepa] BazelWorkspaceStatusAction stable-status.txt
[17 / 2,000] Compiling Java headers subprojects/project100/libproject100-hjar.jar (10 source files); 1s darwin-sandbox ... (12 actions, 11 running)
[72 / 1,980] Compiling Java headers subprojects/project140/libproject140-hjar.jar (10 source files); 0s darwin-sandbox ... (12 actions, 11 running)
[102 / 1,978] Building subprojects/project88/tests_for_project88.jar (11 source files); 0s multiplex-worker ... (10 actions, 7 running)
[141 / 1,956] Compiling Java headers subprojects/project152/libproject152-hjar.jar (10 source files); 0s darwin-sandbox ... (12 actions running)
[172 / 1,951] Compiling Java headers subprojects/project228/libproject228-hjar.jar (10 source files); 0s darwin-sandbox ... (12 actions, 9 running)
[202 / 1,937] Compiling Java headers subprojects/project168/libproject168-hjar.jar (10 source files); 1s darwin-sandbox ... (12 actions running)
[230 / 1,932] Compiling Java headers subprojects/project240/libproject240-hjar.jar (10 source files); 0s darwin-sandbox ... (12 actions running)
[256 / 1,926] Compiling Java headers subprojects/project196/libproject196-hjar.jar (10 source files); 1s darwin-sandbox ... (12 actions, 11 running)
[295 / 1,922] Compiling Java headers subprojects/project980/libproject980-hjar.jar (10 source files); 0s darwin-sandbox ... (12 actions, 9 running)
[335 / 1,915] Compiling Java headers subprojects/project272/libproject272-hjar.jar (10 source files); 0s darwin-sandbox ... (11 actions, 10 running)
[385 / 1,900] Compiling Java headers subprojects/project420/libproject420-hjar.jar (10 source files); 0s darwin-sandbox ... (12 actions running)
[420 / 1,882] Compiling Java headers subprojects/project39/libproject39-hjar.jar (10 source files); 0s darwin-sandbox ... (12 actions running)
[464 / 1,859] Compiling Java headers subprojects/project972/libproject972-hjar.jar (10 source files); 0s darwin-sandbox ... (11 actions running)
[504 / 1,840] Compiling Java headers subprojects/project268/libproject268-hjar.jar (10 source files); 1s darwin-sandbox ... (12 actions running)
[540 / 1,826] Compiling Java headers subprojects/project464/libproject464-hjar.jar (10 source files); 1s darwin-sandbox ... (12 actions, 11 running)
[577 / 1,817] Compiling Java headers subprojects/project500/libproject500-hjar.jar (10 source files); 1s darwin-sandbox ... (12 actions running)
[627 / 1,797] Compiling Java headers subprojects/project960/libproject960-hjar.jar (10 source files); 0s darwin-sandbox ... (12 actions running)
[666 / 1,787] Compiling Java headers subprojects/project456/libproject456-hjar.jar (10 source files); 0s darwin-sandbox ... (12 actions running)
[699 / 1,777] Compiling Java headers subprojects/project676/libproject676-hjar.jar (10 source files); 0s darwin-sandbox ... (12 actions running)
[735 / 1,763] Compiling Java headers subprojects/project340/libproject340-hjar.jar (10 source files); 0s darwin-sandbox ... (12 actions running)
[767 / 1,754] Compiling Java headers subprojects/project344/libproject344-hjar.jar (10 source files); 0s darwin-sandbox ... (12 actions, 11 running)
[802 / 1,749] Compiling Java headers subprojects/project548/libproject548-hjar.jar (10 source files); 0s darwin-sandbox ... (12 actions running)
[834 / 1,749] Compiling Java headers subprojects/project560/libproject560-hjar.jar (10 source files); 0s darwin-sandbox ... (12 actions, 11 running)
[890 / 1,726] Compiling Java headers subprojects/project652/libproject652-hjar.jar (10 source files); 0s darwin-sandbox ... (12 actions running)
[946 / 1,694] Compiling Java headers subprojects/project688/libproject688-hjar.jar (10 source files); 0s darwin-sandbox ... (12 actions running)
[986 / 1,682] Compiling Java headers subprojects/project612/libproject612-hjar.jar (10 source files); 0s darwin-sandbox ... (12 actions running)
[1,028 / 1,664] Compiling Java headers subprojects/project304/libproject304-hjar.jar (10 source files); 0s darwin-sandbox ... (12 actions, 11 running)
[1,064 / 1,651] Compiling Java headers subprojects/project936/libproject936-hjar.jar (10 source files); 1s darwin-sandbox ... (12 actions running)
[1,110 / 1,637] Compiling Java headers subprojects/project844/libproject844-hjar.jar (10 source files); 0s darwin-sandbox ... (12 actions running)
[1,149 / 1,633] Compiling Java headers subprojects/project363/libproject363-hjar.jar (10 source files); 1s darwin-sandbox ... (12 actions running)
[1,183 / 1,610] Compiling Java headers subprojects/project363/libproject363-hjar.jar (10 source files); 2s darwin-sandbox ... (12 actions running)
[1,217 / 1,607] Compiling Java headers subprojects/project748/libproject748-hjar.jar (10 source files); 1s darwin-sandbox ... (12 actions, 10 running)
[1,244 / 1,601] Building subprojects/project363/tests_for_project363.jar (11 source files); 1s multiplex-worker ... (12 actions running)
[1,275 / 1,600] Building subprojects/project363/libproject363.jar (10 source files); 0s multiplex-worker ... (12 actions, 11 running)
[1,291 / 1,596] Building subprojects/project363/libproject363.jar (10 source files); 1s multiplex-worker ... (12 actions, 11 running)
[1,337 / 1,589] Compiling Java headers subprojects/project376/libproject376-hjar.jar (10 source files); 0s darwin-sandbox ... (12 actions, 9 running)
[1,384 / 1,543] Compiling Java headers subprojects/project780/libproject780-hjar.jar (10 source files); 0s darwin-sandbox ... (12 actions running)
[1,419 / 1,537] Compiling Java headers subprojects/project856/libproject856-hjar.jar (10 source files); 0s darwin-sandbox ... (12 actions, 11 running)
[1,454 / 1,520] Compiling Java headers subprojects/project848/libproject848-hjar.jar (10 source files); 1s darwin-sandbox ... (12 actions, 11 running)
[1,479 / 1,515] Building subprojects/project727/tests_for_project727.jar (11 source files); 0s multiplex-worker ... (12 actions, 10 running)
[1,497 / 1,503] Building subprojects/project727/tests_for_project727.jar (11 source files); 1s multiplex-worker ... (4 actions running)
INFO: Elapsed time: 43.189s, Critical Path: 9.25s
INFO: 1254 processes: 1 internal, 253 darwin-sandbox, 1000 worker.
INFO: Build completed successfully, 1254 total actions
Execution time 43535 ms

* Running measured build #1
Running command bazel build --nogenerate_json_trace_profile //...
Loading: 
Loading: 
Loading: 0 packages loaded
Analyzing: 3000 targets (0 packages loaded, 0 targets configured)
INFO: Analyzed 3000 targets (0 packages loaded, 0 targets configured).
INFO: Found 3000 targets...
[0 / 306] [Prepa] BazelWorkspaceStatusAction stable-status.txt ... (2 actions, 1 running)
[14 / 2,000] Compiling Java headers subprojects/project104/libproject104-hjar.jar (10 source files); 1s darwin-sandbox ... (12 actions, 11 running)
[63 / 1,986] Compiling Java headers subprojects/project136/libproject136-hjar.jar (10 source files); 0s darwin-sandbox ... (11 actions, 10 running)
[80 / 1,977] Compiling Java headers subprojects/project12/libproject12-hjar.jar (10 source files); 1s darwin-sandbox ... (12 actions, 11 running)
[128 / 1,963] Compiling Java headers subprojects/project28/libproject28-hjar.jar (10 source files); 0s darwin-sandbox ... (12 actions, 11 running)
[152 / 1,958] Compiling Java headers subprojects/project56/libproject56-hjar.jar (10 source files); 0s darwin-sandbox ... (12 actions running)
[191 / 1,943] Compiling Java headers subprojects/project32/libproject32-hjar.jar (10 source files); 0s darwin-sandbox ... (12 actions, 10 running)
[227 / 1,933] Compiling Java headers subprojects/project260/libproject260-hjar.jar (10 source files); 1s darwin-sandbox ... (12 actions, 11 running)
[273 / 1,916] Compiling Java headers subprojects/project708/libproject708-hjar.jar (10 source files); 0s darwin-sandbox ... (12 actions, 11 running)
[312 / 1,904] Compiling Java headers subprojects/project292/libproject292-hjar.jar (10 source files); 0s darwin-sandbox ... (12 actions running)
[354 / 1,890] Compiling Java headers subprojects/project120/libproject120-hjar.jar (10 source files); 1s darwin-sandbox ... (12 actions, 11 running)
[404 / 1,874] Compiling Java headers subprojects/project344/libproject344-hjar.jar (10 source files); 0s darwin-sandbox ... (12 actions, 11 running)
[440 / 1,861] Compiling Java headers subprojects/project352/libproject352-hjar.jar (10 source files); 0s darwin-sandbox ... (12 actions, 11 running)
[474 / 1,853] Compiling Java headers subprojects/project168/libproject168-hjar.jar (10 source files); 1s darwin-sandbox ... (12 actions, 11 running)
[505 / 1,849] Compiling Java headers subprojects/project180/libproject180-hjar.jar (10 source files); 1s darwin-sandbox ... (12 actions, 11 running)
[544 / 1,832] Compiling Java headers subprojects/project192/libproject192-hjar.jar (10 source files); 0s darwin-sandbox ... (12 actions, 11 running)
[578 / 1,822] Compiling Java headers subprojects/project208/libproject208-hjar.jar (10 source files); 0s darwin-sandbox ... (12 actions, 11 running)
[617 / 1,805] Compiling Java headers subprojects/project220/libproject220-hjar.jar (10 source files); 0s darwin-sandbox ... (12 actions, 11 running)
[660 / 1,793] Compiling Java headers subprojects/project404/libproject404-hjar.jar (10 source files); 0s darwin-sandbox ... (12 actions, 11 running)
[703 / 1,775] Compiling Java headers subprojects/project412/libproject412-hjar.jar (10 source files); 0s darwin-sandbox ... (12 actions running)
[735 / 1,765] Compiling Java headers subprojects/project444/libproject444-hjar.jar (10 source files); 0s darwin-sandbox ... (12 actions, 10 running)
[771 / 1,753] Compiling Java headers subprojects/project452/libproject452-hjar.jar (10 source files); 0s darwin-sandbox ... (11 actions running)
[813 / 1,736] Compiling Java headers subprojects/project363/libproject363-hjar.jar (10 source files); 0s darwin-sandbox ... (12 actions running)
[849 / 1,727] Compiling Java headers subprojects/project363/libproject363-hjar.jar (10 source files); 1s darwin-sandbox ... (12 actions running)
[882 / 1,716] Building subprojects/project363/tests_for_project363.jar (11 source files); 0s multiplex-worker ... (12 actions, 11 running)
[923 / 1,701] Compiling Java headers subprojects/project512/libproject512-hjar.jar (10 source files); 0s darwin-sandbox ... (12 actions running)
[951 / 1,693] Compiling Java headers subprojects/project984/libproject984-hjar.jar (10 source files); 1s darwin-sandbox ... (12 actions, 10 running)
[988 / 1,681] Compiling Java headers subprojects/project540/libproject540-hjar.jar (10 source files); 0s darwin-sandbox ... (12 actions, 11 running)
[1,038 / 1,666] Compiling Java headers subprojects/project680/libproject680-hjar.jar (10 source files); 0s darwin-sandbox ... (12 actions, 9 running)
[1,075 / 1,649] Compiling Java headers subprojects/project576/libproject576-hjar.jar (10 source files); 0s darwin-sandbox ... (12 actions running)
[1,109 / 1,641] Compiling Java headers subprojects/project840/libproject840-hjar.jar (10 source files); 0s darwin-sandbox ... (12 actions, 10 running)
[1,148 / 1,626] Compiling Java headers subprojects/project844/libproject844-hjar.jar (10 source files); 0s darwin-sandbox ... (12 actions, 11 running)
[1,186 / 1,616] Compiling Java headers subprojects/project756/libproject756-hjar.jar (10 source files); 0s darwin-sandbox ... (12 actions running)
[1,229 / 1,606] Compiling Java headers subprojects/project672/libproject672-hjar.jar (10 source files); 0s darwin-sandbox ... (12 actions, 11 running)
[1,258 / 1,600] Compiling Java headers subprojects/project684/libproject684-hjar.jar (10 source files); 0s darwin-sandbox ... (11 actions running)
[1,296 / 1,590] Compiling Java headers subprojects/project912/libproject912-hjar.jar (10 source files); 0s darwin-sandbox ... (12 actions, 10 running)
[1,342 / 1,580] Compiling Java headers subprojects/project848/libproject848-hjar.jar (10 source files); 0s darwin-sandbox ... (12 actions, 11 running)
[1,374 / 1,571] Compiling Java headers subprojects/project848/libproject848-hjar.jar (10 source files); 1s darwin-sandbox ... (12 actions running)
[1,429 / 1,537] Compiling Java headers subprojects/project644/libproject644-hjar.jar (10 source files); 0s darwin-sandbox ... (12 actions running)
[1,465 / 1,518] Compiling Java headers subprojects/project928/libproject928-hjar.jar (10 source files); 1s darwin-sandbox ... (12 actions, 10 running)
[1,490 / 1,508] Building subprojects/project726/libproject726.jar (10 source files); 0s multiplex-worker ... (11 actions, 8 running)
INFO: Elapsed time: 42.989s, Critical Path: 9.10s
INFO: 1254 processes: 1 internal, 253 darwin-sandbox, 1000 worker.
INFO: Build completed successfully, 1254 total actions
Execution time 43355 ms

* Running measured build #2
Running command bazel build --nogenerate_json_trace_profile //...
Loading: 
Loading: 
Loading: 0 packages loaded
Analyzing: 3000 targets (0 packages loaded, 0 targets configured)
INFO: Analyzed 3000 targets (0 packages loaded, 0 targets configured).
INFO: Found 3000 targets...
[0 / 62] [Prepa] BazelWorkspaceStatusAction stable-status.txt
[13 / 2,000] Compiling Java headers subprojects/project104/libproject104-hjar.jar (10 source files); 1s darwin-sandbox ... (12 actions, 11 running)
[68 / 1,981] Compiling Java headers subprojects/project4/libproject4-hjar.jar (10 source files); 0s darwin-sandbox ... (11 actions, 10 running)
[100 / 1,974] Compiling Java headers subprojects/project92/libproject92-hjar.jar (10 source files); 0s darwin-sandbox ... (12 actions running)
[138 / 1,963] Compiling Java headers subprojects/project12/libproject12-hjar.jar (10 source files); 0s darwin-sandbox ... (12 actions, 11 running)
[170 / 1,956] Compiling Java headers subprojects/project184/libproject184-hjar.jar (10 source files); 1s darwin-sandbox ... (12 actions, 11 running)
[213 / 1,946] Compiling Java headers subprojects/project216/libproject216-hjar.jar (10 source files); 0s darwin-sandbox ... (12 actions, 11 running)
[244 / 1,929] Compiling Java headers subprojects/project832/libproject832-hjar.jar (10 source files); 1s darwin-sandbox ... (12 actions, 11 running)
[290 / 1,915] Compiling Java headers subprojects/project44/libproject44-hjar.jar (10 source files); 0s darwin-sandbox ... (12 actions running)
[306 / 1,908] Compiling Java headers subprojects/project288/libproject288-hjar.jar (10 source files); 1s darwin-sandbox ... (12 actions, 10 running)
[354 / 1,899] Compiling Java headers subprojects/project39/libproject39-hjar.jar (10 source files); 0s darwin-sandbox ... (12 actions, 11 running)
[384 / 1,891] Compiling Java headers subprojects/project156/libproject156-hjar.jar (10 source files); 0s darwin-sandbox ... (12 actions, 11 running)
[435 / 1,869] Compiling Java headers subprojects/project432/libproject432-hjar.jar (10 source files); 0s darwin-sandbox ... (12 actions, 11 running)
[471 / 1,851] Compiling Java headers subprojects/project312/libproject312-hjar.jar (10 source files); 1s darwin-sandbox ... (12 actions, 11 running)
[511 / 1,840] Compiling Java headers subprojects/project160/libproject160-hjar.jar (10 source files); 1s darwin-sandbox ... (12 actions, 11 running)
[544 / 1,830] Compiling Java headers subprojects/project808/libproject808-hjar.jar (10 source files); 0s darwin-sandbox ... (12 actions, 11 running)
[573 / 1,815] Compiling Java headers subprojects/project820/libproject820-hjar.jar (10 source files); 0s darwin-sandbox ... (12 actions, 11 running)
[610 / 1,809] Compiling Java headers subprojects/project304/libproject304-hjar.jar (10 source files); 0s darwin-sandbox ... (12 actions, 10 running)
[652 / 1,793] Compiling Java headers subprojects/project640/libproject640-hjar.jar (10 source files); 0s darwin-sandbox ... (12 actions running)
[688 / 1,782] Compiling Java headers subprojects/project448/libproject448-hjar.jar (10 source files); 0s darwin-sandbox ... (12 actions running)
[729 / 1,766] Compiling Java headers subprojects/project363/libproject363-hjar.jar (10 source files); 1s darwin-sandbox ... (12 actions running)
[768 / 1,747] Compiling Java headers subprojects/project800/libproject800-hjar.jar (10 source files); 0s darwin-sandbox ... (12 actions, 11 running)
[784 / 1,746] Compiling Java headers subprojects/project376/libproject376-hjar.jar (10 source files); 1s darwin-sandbox ... (12 actions running)
[814 / 1,735] Compiling Java headers subprojects/project516/libproject516-hjar.jar (10 source files); 0s darwin-sandbox ... (12 actions running)
[848 / 1,726] Compiling Java headers subprojects/project520/libproject520-hjar.jar (10 source files); 0s darwin-sandbox ... (12 actions, 11 running)
[892 / 1,712] Compiling Java headers subprojects/project396/libproject396-hjar.jar (10 source files); 0s darwin-sandbox ... (12 actions running)
[925 / 1,702] Compiling Java headers subprojects/project652/libproject652-hjar.jar (10 source files); 1s darwin-sandbox ... (12 actions, 11 running)
[971 / 1,693] Compiling Java headers subprojects/project788/libproject788-hjar.jar (10 source files); 0s darwin-sandbox ... (12 actions, 11 running)
[1,007 / 1,669] Compiling Java headers subprojects/project924/libproject924-hjar.jar (10 source files); 0s darwin-sandbox ... (12 actions running)
[1,042 / 1,663] Compiling Java headers subprojects/project908/libproject908-hjar.jar (10 source files); 0s darwin-sandbox ... (11 actions, 10 running)
[1,079 / 1,649] Compiling Java headers subprojects/project484/libproject484-hjar.jar (10 source files); 1s darwin-sandbox ... (12 actions running)
[1,113 / 1,639] Compiling Java headers subprojects/project668/libproject668-hjar.jar (10 source files); 0s darwin-sandbox ... (11 actions running)
[1,153 / 1,627] Compiling Java headers subprojects/project928/libproject928-hjar.jar (10 source files); 1s darwin-sandbox ... (12 actions, 11 running)
[1,188 / 1,620] Compiling Java headers subprojects/project956/libproject956-hjar.jar (10 source files); 0s darwin-sandbox ... (12 actions, 11 running)
[1,225 / 1,600] Compiling Java headers subprojects/project960/libproject960-hjar.jar (10 source files); 0s darwin-sandbox ... (12 actions running)
[1,257 / 1,595] Compiling Java headers subprojects/project780/libproject780-hjar.jar (10 source files); 1s darwin-sandbox ... (12 actions, 11 running)
[1,300 / 1,582] Compiling Java headers subprojects/project688/libproject688-hjar.jar (10 source files); 0s darwin-sandbox ... (12 actions running)
[1,350 / 1,554] Compiling Java headers subprojects/project692/libproject692-hjar.jar (10 source files); 0s darwin-sandbox ... (12 actions running)
[1,395 / 1,549] Compiling Java headers subprojects/project712/libproject712-hjar.jar (10 source files); 0s darwin-sandbox ... (12 actions running)
[1,429 / 1,531] Compiling Java headers subprojects/project732/libproject732-hjar.jar (10 source files); 0s darwin-sandbox ... (12 actions running)
[1,467 / 1,520] Compiling Java headers subprojects/project740/libproject740-hjar.jar (10 source files); 0s darwin-sandbox ... (12 actions, 9 running)
[1,485 / 1,510] Building subprojects/project727/tests_for_project727.jar (11 source files); 0s multiplex-worker ... (12 actions, 9 running)
[1,500 / 1,502] Building subprojects/project848/tests_for_project848.jar (11 source files); 0s multiplex-worker
INFO: Elapsed time: 44.270s, Critical Path: 9.71s
INFO: 1254 processes: 1 internal, 253 darwin-sandbox, 1000 worker.
INFO: Build completed successfully, 1254 total actions
Execution time 44619 ms

* Running measured build #3
Running command bazel build --nogenerate_json_trace_profile //...
Loading: 
Loading: 
Loading: 0 packages loaded
Analyzing: 3000 targets (0 packages loaded, 0 targets configured)
INFO: Analyzed 3000 targets (0 packages loaded, 0 targets configured).
INFO: Found 3000 targets...
[0 / 6] [Prepa] BazelWorkspaceStatusAction stable-status.txt
[14 / 2,000] Compiling Java headers subprojects/project100/libproject100-hjar.jar (10 source files); 1s darwin-sandbox ... (11 actions, 10 running)
[66 / 1,983] Compiling Java headers subprojects/project12/libproject12-hjar.jar (10 source files); 0s darwin-sandbox ... (12 actions running)
[86 / 1,976] Compiling Java headers subprojects/project992/libproject992-hjar.jar (10 source files); 1s darwin-sandbox ... (12 actions running)
[126 / 1,967] Compiling Java headers subprojects/project16/libproject16-hjar.jar (10 source files); 0s darwin-sandbox ... (12 actions running)
[171 / 1,953] Compiling Java headers subprojects/project20/libproject20-hjar.jar (10 source files); 0s darwin-sandbox ... (12 actions, 10 running)
[203 / 1,942] Compiling Java headers subprojects/project148/libproject148-hjar.jar (10 source files); 0s darwin-sandbox ... (12 actions running)
[245 / 1,927] Compiling Java headers subprojects/project39/libproject39-hjar.jar (10 source files); 1s darwin-sandbox ... (12 actions running)
[275 / 1,925] Compiling Java headers subprojects/project120/libproject120-hjar.jar (10 source files); 0s darwin-sandbox ... (11 actions running)
[312 / 1,917] Compiling Java headers subprojects/project216/libproject216-hjar.jar (10 source files); 1s darwin-sandbox ... (12 actions running)
[356 / 1,889] Compiling Java headers subprojects/project232/libproject232-hjar.jar (10 source files); 0s darwin-sandbox ... (11 actions running)
[406 / 1,873] Building subprojects/project120/libproject120.jar (10 source files); 0s multiplex-worker ... (12 actions, 7 running)
[440 / 1,860] Compiling Java headers subprojects/project276/libproject276-hjar.jar (10 source files); 1s darwin-sandbox ... (12 actions, 11 running)
[480 / 1,853] Compiling Java headers subprojects/project280/libproject280-hjar.jar (10 source files); 0s darwin-sandbox ... (12 actions, 11 running)
[523 / 1,835] Compiling Java headers subprojects/project332/libproject332-hjar.jar (10 source files); 0s darwin-sandbox ... (12 actions running)
[567 / 1,821] Compiling Java headers subprojects/project352/libproject352-hjar.jar (10 source files); 0s darwin-sandbox ... (12 actions, 10 running)
[603 / 1,809] Compiling Java headers subprojects/project388/libproject388-hjar.jar (10 source files); 0s darwin-sandbox ... (12 actions, 11 running)
[635 / 1,798] Compiling Java headers subprojects/project396/libproject396-hjar.jar (10 source files); 0s darwin-sandbox ... (12 actions, 11 running)
[685 / 1,781] Compiling Java headers subprojects/project363/libproject363-hjar.jar (10 source files); 1s darwin-sandbox ... (11 actions, 10 running)
[720 / 1,775] Compiling Java headers subprojects/project363/libproject363-hjar.jar (10 source files); 2s darwin-sandbox ... (12 actions running)
[761 / 1,754] Compiling Java headers subprojects/project456/libproject456-hjar.jar (10 source files); 0s darwin-sandbox ... (12 actions, 11 running)
[799 / 1,743] Building subprojects/project363/libproject363.jar (10 source files); 1s multiplex-worker ... (12 actions, 11 running)
[825 / 1,734] Compiling Java headers subprojects/project620/libproject620-hjar.jar (10 source files); 1s darwin-sandbox ... (12 actions, 11 running)
[882 / 1,712] Compiling Java headers subprojects/project528/libproject528-hjar.jar (10 source files); 0s darwin-sandbox ... (10 actions, 9 running)
[908 / 1,711] Compiling Java headers subprojects/project544/libproject544-hjar.jar (10 source files); 0s darwin-sandbox ... (11 actions, 9 running)
[951 / 1,689] Compiling Java headers subprojects/project548/libproject548-hjar.jar (10 source files); 0s darwin-sandbox ... (12 actions, 11 running)
[989 / 1,681] Compiling Java headers subprojects/project940/libproject940-hjar.jar (10 source files); 0s darwin-sandbox ... (12 actions running)
[1,022 / 1,668] Compiling Java headers subprojects/project752/libproject752-hjar.jar (10 source files); 0s darwin-sandbox ... (11 actions, 10 running)
[1,056 / 1,658] Compiling Java headers subprojects/project740/libproject740-hjar.jar (10 source files); 0s darwin-sandbox ... (12 actions, 11 running)
[1,101 / 1,641] Compiling Java headers subprojects/project592/libproject592-hjar.jar (10 source files); 0s darwin-sandbox ... (12 actions, 11 running)
[1,153 / 1,621] Compiling Java headers subprojects/project808/libproject808-hjar.jar (10 source files); 0s darwin-sandbox ... (11 actions, 10 running)
[1,184 / 1,615] Compiling Java headers subprojects/project812/libproject812-hjar.jar (10 source files); 1s darwin-sandbox ... (12 actions, 11 running)
[1,232 / 1,600] Compiling Java headers subprojects/project712/libproject712-hjar.jar (10 source files); 0s darwin-sandbox ... (12 actions, 11 running)
[1,272 / 1,585] Compiling Java headers subprojects/project724/libproject724-hjar.jar (10 source files); 0s darwin-sandbox ... (12 actions, 10 running)
[1,305 / 1,578] Compiling Java headers subprojects/project676/libproject676-hjar.jar (10 source files); 0s darwin-sandbox ... (12 actions running)
[1,350 / 1,556] Compiling Java headers subprojects/project684/libproject684-hjar.jar (10 source files); 0s darwin-sandbox ... (12 actions, 11 running)
[1,383 / 1,550] Compiling Java headers subprojects/project848/libproject848-hjar.jar (10 source files); 1s darwin-sandbox ... (12 actions running)
[1,423 / 1,539] Compiling Java headers subprojects/project912/libproject912-hjar.jar (10 source files); 0s darwin-sandbox ... (12 actions running)
[1,470 / 1,519] Building subprojects/project848/tests_for_project848.jar (11 source files); 0s multiplex-worker ... (12 actions, 9 running)
[1,492 / 1,505] Compiling Java headers subprojects/project928/libproject928-hjar.jar (10 source files); 1s darwin-sandbox ... (5 actions running)
INFO: Elapsed time: 42.521s, Critical Path: 9.63s
INFO: 1254 processes: 1 internal, 253 darwin-sandbox, 1000 worker.
INFO: Build completed successfully, 1254 total actions
Execution time 42890 ms

* Running measured build #4
Running command bazel build --nogenerate_json_trace_profile //...
Loading: 
Loading: 
Loading: 0 packages loaded
Analyzing: 3000 targets (0 packages loaded, 0 targets configured)
INFO: Analyzed 3000 targets (0 packages loaded, 0 targets configured).
INFO: Found 3000 targets...
[0 / 6] [Prepa] BazelWorkspaceStatusAction stable-status.txt
[16 / 2,000] Compiling Java headers subprojects/project100/libproject100-hjar.jar (10 source files); 1s darwin-sandbox ... (12 actions, 11 running)
[67 / 1,983] Compiling Java headers subprojects/project88/libproject88-hjar.jar (10 source files); 0s darwin-sandbox ... (12 actions, 11 running)
[95 / 1,974] Compiling Java headers subprojects/project992/libproject992-hjar.jar (10 source files); 0s darwin-sandbox ... (11 actions, 10 running)
[136 / 1,957] Compiling Java headers subprojects/project164/libproject164-hjar.jar (10 source files); 0s darwin-sandbox ... (12 actions, 11 running)
[162 / 1,954] Compiling Java headers subprojects/project176/libproject176-hjar.jar (10 source files); 0s darwin-sandbox ... (11 actions running)
[189 / 1,947] Compiling Java headers subprojects/project180/libproject180-hjar.jar (10 source files); 0s darwin-sandbox ... (12 actions, 11 running)
[231 / 1,943] Compiling Java headers subprojects/project36/libproject36-hjar.jar (10 source files); 0s darwin-sandbox ... (12 actions, 11 running)
[275 / 1,926] Compiling Java headers subprojects/project39/libproject39-hjar.jar (10 source files); 0s darwin-sandbox ... (12 actions running)
[315 / 1,905] Compiling Java headers subprojects/project424/libproject424-hjar.jar (10 source files); 0s darwin-sandbox ... (12 actions running)
[357 / 1,894] Compiling Java headers subprojects/project204/libproject204-hjar.jar (10 source files); 0s darwin-sandbox ... (12 actions running)
[390 / 1,883] Compiling Java headers subprojects/project212/libproject212-hjar.jar (10 source files); 0s darwin-sandbox ... (12 actions, 10 running)
[438 / 1,863] Compiling Java headers subprojects/project220/libproject220-hjar.jar (10 source files); 0s darwin-sandbox ... (12 actions, 11 running)
[475 / 1,853] Compiling Java headers subprojects/project232/libproject232-hjar.jar (10 source files); 0s darwin-sandbox ... (12 actions running)
[509 / 1,840] Compiling Java headers subprojects/project468/libproject468-hjar.jar (10 source files); 0s darwin-sandbox ... (12 actions running)
[542 / 1,830] Compiling Java headers subprojects/project248/libproject248-hjar.jar (10 source files); 0s darwin-sandbox ... (12 actions, 11 running)
[594 / 1,813] Compiling Java headers subprojects/project256/libproject256-hjar.jar (10 source files); 0s darwin-sandbox ... (12 actions, 11 running)
[632 / 1,804] Compiling Java headers subprojects/project272/libproject272-hjar.jar (10 source files); 0s darwin-sandbox ... (12 actions, 10 running)
[681 / 1,783] Compiling Java headers subprojects/project312/libproject312-hjar.jar (10 source files); 0s darwin-sandbox ... (12 actions, 11 running)
[713 / 1,775] Compiling Java headers subprojects/project668/libproject668-hjar.jar (10 source files); 1s darwin-sandbox ... (12 actions, 11 running)
[746 / 1,765] Compiling Java headers subprojects/project672/libproject672-hjar.jar (10 source files); 0s darwin-sandbox ... (12 actions, 11 running)
[797 / 1,748] Compiling Java headers subprojects/project324/libproject324-hjar.jar (10 source files); 0s darwin-sandbox ... (12 actions, 11 running)
[842 / 1,729] Compiling Java headers subprojects/project484/libproject484-hjar.jar (10 source files); 1s darwin-sandbox ... (12 actions, 11 running)
[868 / 1,716] Compiling Java headers subprojects/project732/libproject732-hjar.jar (10 source files); 1s darwin-sandbox ... (12 actions, 11 running)
[907 / 1,708] Compiling Java headers subprojects/project904/libproject904-hjar.jar (10 source files); 1s darwin-sandbox ... (12 actions, 11 running)
[943 / 1,702] Compiling Java headers subprojects/project652/libproject652-hjar.jar (10 source files); 0s darwin-sandbox ... (12 actions, 11 running)
[984 / 1,690] Compiling Java headers subprojects/project840/libproject840-hjar.jar (10 source files); 0s darwin-sandbox ... (11 actions, 10 running)
[1,023 / 1,675] Compiling Java headers subprojects/project868/libproject868-hjar.jar (10 source files); 0s darwin-sandbox ... (12 actions, 11 running)
[1,062 / 1,667] Compiling Java headers subprojects/project936/libproject936-hjar.jar (10 source files); 0s darwin-sandbox ... (12 actions, 11 running)
[1,105 / 1,650] Compiling Java headers subprojects/project856/libproject856-hjar.jar (10 source files); 0s darwin-sandbox ... (12 actions, 10 running)
[1,145 / 1,628] Compiling Java headers subprojects/project864/libproject864-hjar.jar (10 source files); 0s darwin-sandbox ... (12 actions, 11 running)
[1,193 / 1,613] Compiling Java headers subprojects/project884/libproject884-hjar.jar (10 source files); 0s darwin-sandbox ... (12 actions running)
[1,235 / 1,599] Compiling Java headers subprojects/project888/libproject888-hjar.jar (10 source files); 0s darwin-sandbox ... (12 actions, 11 running)
[1,272 / 1,588] Compiling Java headers subprojects/project352/libproject352-hjar.jar (10 source files); 0s darwin-sandbox ... (12 actions, 11 running)
[1,313 / 1,576] Compiling Java headers subprojects/project900/libproject900-hjar.jar (10 source files); 1s darwin-sandbox ... (12 actions, 11 running)
[1,343 / 1,572] Compiling Java headers subprojects/project632/libproject632-hjar.jar (10 source files); 1s darwin-sandbox ... (12 actions running)
[1,384 / 1,558] Compiling Java headers subprojects/project928/libproject928-hjar.jar (10 source files); 0s darwin-sandbox ... (12 actions, 11 running)
[1,430 / 1,535] Compiling Java headers subprojects/project363/libproject363-hjar.jar (10 source files); 1s darwin-sandbox ... (12 actions, 11 running)
[1,468 / 1,519] Compiling Java headers subprojects/project363/libproject363-hjar.jar (10 source files); 2s darwin-sandbox ... (11 actions running)
[1,496 / 1,504] Building subprojects/project363/libproject363.jar (10 source files); 1s multiplex-worker ... (5 actions running)
INFO: Elapsed time: 42.156s, Critical Path: 9.53s
INFO: 1254 processes: 1 internal, 253 darwin-sandbox, 1000 worker.
INFO: Build completed successfully, 1254 total actions
Execution time 42490 ms

* Running measured build #5
Running command bazel build --nogenerate_json_trace_profile //...
Loading: 
Loading: 
Loading: 0 packages loaded
Analyzing: 3000 targets (0 packages loaded, 0 targets configured)
INFO: Analyzed 3000 targets (0 packages loaded, 0 targets configured).
INFO: Found 3000 targets...
[0 / 6] [Prepa] BazelWorkspaceStatusAction stable-status.txt
[15 / 2,000] Compiling Java headers subprojects/project100/libproject100-hjar.jar (10 source files); 1s darwin-sandbox ... (12 actions, 11 running)
[69 / 1,983] Compiling Java headers subprojects/project80/libproject80-hjar.jar (10 source files); 0s darwin-sandbox ... (12 actions, 11 running)
[83 / 1,978] Compiling Java headers subprojects/project12/libproject12-hjar.jar (10 source files); 1s darwin-sandbox ... (12 actions, 11 running)
[126 / 1,968] Compiling Java headers subprojects/project144/libproject144-hjar.jar (10 source files); 0s darwin-sandbox ... (12 actions, 11 running)
[154 / 1,959] Compiling Java headers subprojects/project20/libproject20-hjar.jar (10 source files); 0s darwin-sandbox ... (12 actions, 11 running)
[200 / 1,943] Compiling Java headers subprojects/project160/libproject160-hjar.jar (10 source files); 0s darwin-sandbox ... (12 actions, 11 running)
[232 / 1,932] Compiling Java headers subprojects/project184/libproject184-hjar.jar (10 source files); 0s darwin-sandbox ... (10 actions, 9 running)
[278 / 1,918] Compiling Java headers subprojects/project39/libproject39-hjar.jar (10 source files); 0s darwin-sandbox ... (12 actions running)
[320 / 1,907] Compiling Java headers subprojects/project256/libproject256-hjar.jar (10 source files); 0s darwin-sandbox ... (12 actions, 11 running)
[352 / 1,891] Compiling Java headers subprojects/project260/libproject260-hjar.jar (10 source files); 1s darwin-sandbox ... (12 actions running)
[384 / 1,889] Compiling Java headers subprojects/project320/libproject320-hjar.jar (10 source files); 0s darwin-sandbox ... (12 actions, 10 running)
[426 / 1,869] Compiling Java headers subprojects/project332/libproject332-hjar.jar (10 source files); 0s darwin-sandbox ... (12 actions running)
[468 / 1,858] Compiling Java headers subprojects/project272/libproject272-hjar.jar (10 source files); 1s darwin-sandbox ... (11 actions, 10 running)
[502 / 1,838] Compiling Java headers subprojects/project364/libproject364-hjar.jar (10 source files); 0s darwin-sandbox ... (12 actions, 11 running)
[537 / 1,831] Compiling Java headers subprojects/project236/libproject236-hjar.jar (10 source files); 0s darwin-sandbox ... (12 actions, 11 running)
[581 / 1,828] Compiling Java headers subprojects/project380/libproject380-hjar.jar (10 source files); 0s darwin-sandbox ... (11 actions, 10 running)
[628 / 1,813] Compiling Java headers subprojects/project716/libproject716-hjar.jar (10 source files); 0s darwin-sandbox ... (10 actions, 9 running)
[665 / 1,800] Compiling Java headers subprojects/project204/libproject204-hjar.jar (10 source files); 0s darwin-sandbox ... (12 actions running)
[704 / 1,787] Compiling Java headers subprojects/project824/libproject824-hjar.jar (10 source files); 0s darwin-sandbox ... (11 actions, 10 running)
[747 / 1,766] Compiling Java headers subprojects/project240/libproject240-hjar.jar (10 source files); 0s darwin-sandbox ... (12 actions, 11 running)
[772 / 1,759] Compiling Java headers subprojects/project872/libproject872-hjar.jar (10 source files); 0s darwin-sandbox ... (12 actions running)
[815 / 1,741] Compiling Java headers subprojects/project363/libproject363-hjar.jar (10 source files); 0s darwin-sandbox ... (12 actions running)
[835 / 1,736] Compiling Java headers subprojects/project363/libproject363-hjar.jar (10 source files); 1s darwin-sandbox ... (11 actions running)
[879 / 1,726] Compiling Java headers subprojects/project536/libproject536-hjar.jar (10 source files); 0s darwin-sandbox ... (12 actions, 11 running)
[915 / 1,719] Building subprojects/project363/tests_for_project363.jar (11 source files); 0s multiplex-worker ... (12 actions, 11 running)
[950 / 1,714] Compiling Java headers subprojects/project804/libproject804-hjar.jar (10 source files); 0s darwin-sandbox ... (12 actions, 10 running)
[980 / 1,691] Compiling Java headers subprojects/project768/libproject768-hjar.jar (10 source files); 0s darwin-sandbox ... (12 actions running)
[1,018 / 1,682] Compiling Java headers subprojects/project792/libproject792-hjar.jar (10 source files); 0s darwin-sandbox ... (12 actions running)
[1,051 / 1,675] Compiling Java headers subprojects/project888/libproject888-hjar.jar (10 source files); 0s darwin-sandbox ... (12 actions running)
[1,089 / 1,668] Compiling Java headers subprojects/project892/libproject892-hjar.jar (10 source files); 0s darwin-sandbox ... (12 actions, 11 running)
[1,126 / 1,657] Compiling Java headers subprojects/project700/libproject700-hjar.jar (10 source files); 0s darwin-sandbox ... (12 actions, 11 running)
[1,175 / 1,647] Compiling Java headers subprojects/project956/libproject956-hjar.jar (10 source files); 0s darwin-sandbox ... (11 actions running)
[1,209 / 1,638] Compiling Java headers subprojects/project848/libproject848-hjar.jar (10 source files); 1s darwin-sandbox ... (12 actions, 10 running)
[1,256 / 1,622] Compiling Java headers subprojects/project424/libproject424-hjar.jar (10 source files); 0s darwin-sandbox ... (12 actions running)
[1,292 / 1,607] Compiling Java headers subprojects/project652/libproject652-hjar.jar (10 source files); 0s darwin-sandbox ... (12 actions, 11 running)
[1,337 / 1,568] Compiling Java headers subprojects/project432/libproject432-hjar.jar (10 source files); 0s darwin-sandbox ... (12 actions running)
[1,388 / 1,548] Compiling Java headers subprojects/project676/libproject676-hjar.jar (10 source files); 0s darwin-sandbox ... (12 actions running)
[1,424 / 1,537] Compiling Java headers subprojects/project444/libproject444-hjar.jar (10 source files); 0s darwin-sandbox ... (12 actions, 11 running)
[1,470 / 1,517] Compiling Java headers subprojects/project456/libproject456-hjar.jar (10 source files); 0s darwin-sandbox ... (12 actions, 9 running)
[1,497 / 1,503] [Prepa] Building subprojects/project484/tests_for_project484.jar (11 source files)
INFO: Elapsed time: 42.695s, Critical Path: 9.39s
INFO: 1254 processes: 1 internal, 253 darwin-sandbox, 1000 worker.
INFO: Build completed successfully, 1254 total actions
Execution time 43382 ms

* Running measured build #6
Running command bazel build --nogenerate_json_trace_profile //...
Loading: 
Loading: 
Loading: 0 packages loaded
Analyzing: 3000 targets (0 packages loaded, 0 targets configured)
INFO: Analyzed 3000 targets (0 packages loaded, 0 targets configured).
INFO: Found 3000 targets...
[0 / 6] [Prepa] BazelWorkspaceStatusAction stable-status.txt
[13 / 2,000] Compiling Java headers subprojects/project100/libproject100-hjar.jar (10 source files); 1s darwin-sandbox ... (12 actions, 11 running)
[60 / 1,990] Compiling Java headers subprojects/project3/libproject3-hjar.jar (10 source files); 0s darwin-sandbox ... (12 actions, 10 running)
[82 / 1,977] Compiling Java headers subprojects/project64/libproject64-hjar.jar (10 source files); 0s darwin-sandbox ... (12 actions, 11 running)
[115 / 1,973] Compiling Java headers subprojects/project136/libproject136-hjar.jar (10 source files); 1s darwin-sandbox ... (12 actions, 11 running)
[155 / 1,964] Compiling Java headers subprojects/project28/libproject28-hjar.jar (10 source files); 0s darwin-sandbox ... (12 actions, 11 running)
[209 / 1,936] Compiling Java headers subprojects/project152/libproject152-hjar.jar (10 source files); 0s darwin-sandbox ... (12 actions, 11 running)
[248 / 1,926] Compiling Java headers subprojects/project52/libproject52-hjar.jar (10 source files); 0s darwin-sandbox ... (11 actions, 10 running)
[284 / 1,915] Compiling Java headers subprojects/project192/libproject192-hjar.jar (10 source files); 0s darwin-sandbox ... (12 actions, 11 running)
[324 / 1,902] Compiling Java headers subprojects/project200/libproject200-hjar.jar (10 source files); 0s darwin-sandbox ... (12 actions, 11 running)
[363 / 1,890] Compiling Java headers subprojects/project248/libproject248-hjar.jar (10 source files); 0s darwin-sandbox ... (12 actions, 11 running)
[407 / 1,875] Compiling Java headers subprojects/project264/libproject264-hjar.jar (10 source files); 0s darwin-sandbox ... (12 actions running)
[448 / 1,862] Compiling Java headers subprojects/project292/libproject292-hjar.jar (10 source files); 0s darwin-sandbox ... (12 actions, 11 running)
[488 / 1,852] Compiling Java headers subprojects/project312/libproject312-hjar.jar (10 source files); 0s darwin-sandbox ... (12 actions, 11 running)
[532 / 1,830] Compiling Java headers subprojects/project552/libproject552-hjar.jar (10 source files); 0s darwin-sandbox ... (11 actions running)
[571 / 1,818] Compiling Java headers subprojects/project512/libproject512-hjar.jar (10 source files); 0s darwin-sandbox ... (11 actions running)
[621 / 1,798] Compiling Java headers subprojects/project596/libproject596-hjar.jar (10 source files); 0s darwin-sandbox ... (11 actions, 10 running)
[655 / 1,790] Compiling Java headers subprojects/project424/libproject424-hjar.jar (10 source files); 0s darwin-sandbox ... (12 actions, 10 running)
[693 / 1,776] Compiling Java headers subprojects/project600/libproject600-hjar.jar (10 source files); 0s darwin-sandbox ... (12 actions, 11 running)
[741 / 1,763] Compiling Java headers subprojects/project432/libproject432-hjar.jar (10 source files); 0s darwin-sandbox ... (12 actions, 11 running)
[777 / 1,755] Compiling Java headers subprojects/project768/libproject768-hjar.jar (10 source files); 0s darwin-sandbox ... (12 actions running)
[812 / 1,739] Compiling Java headers subprojects/project952/libproject952-hjar.jar (10 source files); 0s darwin-sandbox ... (11 actions running)
[855 / 1,731] Compiling Java headers subprojects/project816/libproject816-hjar.jar (10 source files); 0s darwin-sandbox ... (12 actions, 11 running)
[895 / 1,718] Compiling Java headers subprojects/project780/libproject780-hjar.jar (10 source files); 0s darwin-sandbox ... (12 actions, 11 running)
[938 / 1,701] Compiling Java headers subprojects/project716/libproject716-hjar.jar (10 source files); 0s darwin-sandbox ... (12 actions running)
[971 / 1,685] Compiling Java headers subprojects/project688/libproject688-hjar.jar (10 source files); 0s darwin-sandbox ... (12 actions running)
[1,007 / 1,675] Compiling Java headers subprojects/project444/libproject444-hjar.jar (10 source files); 1s darwin-sandbox ... (11 actions, 10 running)
[1,045 / 1,661] Compiling Java headers subprojects/project448/libproject448-hjar.jar (10 source files); 0s darwin-sandbox ... (12 actions running)
[1,085 / 1,652] Compiling Java headers subprojects/project456/libproject456-hjar.jar (10 source files); 0s darwin-sandbox ... (12 actions, 10 running)
[1,119 / 1,637] Compiling Java headers subprojects/project844/libproject844-hjar.jar (10 source files); 0s darwin-sandbox ... (10 actions, 9 running)
[1,161 / 1,626] Compiling Java headers subprojects/project908/libproject908-hjar.jar (10 source files); 0s darwin-sandbox ... (12 actions running)
[1,197 / 1,611] Compiling Java headers subprojects/project840/libproject840-hjar.jar (10 source files); 0s darwin-sandbox ... (12 actions running)
[1,230 / 1,603] Compiling Java headers subprojects/project740/libproject740-hjar.jar (10 source files); 1s darwin-sandbox ... (12 actions running)
[1,265 / 1,591] Compiling Java headers subprojects/project392/libproject392-hjar.jar (10 source files); 0s darwin-sandbox ... (12 actions, 11 running)
[1,309 / 1,574] Compiling Java headers subprojects/project760/libproject760-hjar.jar (10 source files); 0s darwin-sandbox ... (11 actions running)
[1,348 / 1,561] Compiling Java headers subprojects/project916/libproject916-hjar.jar (10 source files); 0s darwin-sandbox ... (12 actions running)
[1,397 / 1,544] Compiling Java headers subprojects/project363/libproject363-hjar.jar (10 source files); 1s darwin-sandbox ... (12 actions running)
[1,430 / 1,537] Compiling Java headers subprojects/project896/libproject896-hjar.jar (10 source files); 0s darwin-sandbox ... (12 actions, 11 running)
[1,461 / 1,518] Compiling Java headers subprojects/project968/libproject968-hjar.jar (10 source files); 1s darwin-sandbox ... (12 actions, 11 running)
[1,483 / 1,510] Building subprojects/project727/tests_for_project727.jar (11 source files); 1s multiplex-worker ... (12 actions, 10 running)
[1,501 / 1,501] checking cached actions
INFO: Elapsed time: 42.002s, Critical Path: 8.57s
INFO: 1254 processes: 1 internal, 253 darwin-sandbox, 1000 worker.
INFO: Build completed successfully, 1254 total actions
Execution time 42422 ms

* Running measured build #7
Running command bazel build --nogenerate_json_trace_profile //...
Loading: 
Loading: 
Loading: 0 packages loaded
Analyzing: 3000 targets (0 packages loaded, 0 targets configured)
INFO: Analyzed 3000 targets (0 packages loaded, 0 targets configured).
INFO: Found 3000 targets...
[0 / 50] [Prepa] BazelWorkspaceStatusAction stable-status.txt
[15 / 2,000] Compiling Java headers subprojects/project96/libproject96-hjar.jar (10 source files); 1s darwin-sandbox ... (12 actions, 11 running)
[66 / 1,984] Compiling Java headers subprojects/project132/libproject132-hjar.jar (10 source files); 0s darwin-sandbox ... (12 actions, 11 running)
[69 / 1,981] Compiling Java headers subprojects/project132/libproject132-hjar.jar (10 source files); 1s darwin-sandbox ... (12 actions, 11 running)
[117 / 1,973] Compiling Java headers subprojects/project148/libproject148-hjar.jar (10 source files); 0s darwin-sandbox ... (12 actions, 11 running)
[136 / 1,964] Compiling Java headers subprojects/project164/libproject164-hjar.jar (10 source files); 1s darwin-sandbox ... (12 actions, 10 running)
[183 / 1,954] Compiling Java headers subprojects/project36/libproject36-hjar.jar (10 source files); 0s darwin-sandbox ... (12 actions, 11 running)
[228 / 1,945] Compiling Java headers subprojects/project224/libproject224-hjar.jar (10 source files); 0s darwin-sandbox ... (12 actions, 11 running)
[276 / 1,925] Compiling Java headers subprojects/project39/libproject39-hjar.jar (10 source files); 0s darwin-sandbox ... (12 actions, 11 running)
[322 / 1,904] Compiling Java headers subprojects/project272/libproject272-hjar.jar (10 source files); 0s darwin-sandbox ... (12 actions, 11 running)
[352 / 1,887] Compiling Java headers subprojects/project236/libproject236-hjar.jar (10 source files); 1s darwin-sandbox ... (12 actions running)
[399 / 1,875] Compiling Java headers subprojects/project192/libproject192-hjar.jar (10 source files); 0s darwin-sandbox ... (12 actions running)
[436 / 1,864] Compiling Java headers subprojects/project240/libproject240-hjar.jar (10 source files); 0s darwin-sandbox ... (12 actions running)
[481 / 1,851] Compiling Java headers subprojects/project340/libproject340-hjar.jar (10 source files); 0s darwin-sandbox ... (12 actions, 10 running)
[512 / 1,837] Compiling Java headers subprojects/project352/libproject352-hjar.jar (10 source files); 0s darwin-sandbox ... (12 actions running)
[560 / 1,820] Compiling Java headers subprojects/project496/libproject496-hjar.jar (10 source files); 0s darwin-sandbox ... (12 actions running)
[601 / 1,812] Compiling Java headers subprojects/project312/libproject312-hjar.jar (10 source files); 0s darwin-sandbox ... (12 actions running)
[645 / 1,792] Compiling Java headers subprojects/project508/libproject508-hjar.jar (10 source files); 0s darwin-sandbox ... (12 actions running)
[685 / 1,783] Compiling Java headers subprojects/project432/libproject432-hjar.jar (10 source files); 0s darwin-sandbox ... (12 actions, 11 running)
[733 / 1,769] Compiling Java headers subprojects/project428/libproject428-hjar.jar (10 source files); 1s darwin-sandbox ... (12 actions running)
[768 / 1,753] Compiling Java headers subprojects/project404/libproject404-hjar.jar (10 source files); 0s darwin-sandbox ... (11 actions, 10 running)
[818 / 1,734] Compiling Java headers subprojects/project664/libproject664-hjar.jar (10 source files); 0s darwin-sandbox ... (12 actions running)
[858 / 1,726] Compiling Java headers subprojects/project416/libproject416-hjar.jar (10 source files); 0s darwin-sandbox ... (12 actions running)
[897 / 1,706] Compiling Java headers subprojects/project948/libproject948-hjar.jar (10 source files); 0s darwin-sandbox ... (12 actions running)
[933 / 1,697] Compiling Java headers subprojects/project460/libproject460-hjar.jar (10 source files); 0s darwin-sandbox ... (11 actions running)
[967 / 1,686] Compiling Java headers subprojects/project456/libproject456-hjar.jar (10 source files); 1s darwin-sandbox ... (12 actions running)
[1,008 / 1,675] Compiling Java headers subprojects/project688/libproject688-hjar.jar (10 source files); 0s darwin-sandbox ... (12 actions, 11 running)
[1,054 / 1,657] Compiling Java headers subprojects/project516/libproject516-hjar.jar (10 source files); 0s darwin-sandbox ... (12 actions running)
[1,099 / 1,645] Compiling Java headers subprojects/project680/libproject680-hjar.jar (10 source files); 0s darwin-sandbox ... (12 actions, 11 running)
[1,135 / 1,632] Compiling Java headers subprojects/project363/libproject363-hjar.jar (10 source files); 1s darwin-sandbox ... (12 actions running)
[1,165 / 1,622] Compiling Java headers subprojects/project363/libproject363-hjar.jar (10 source files); 2s darwin-sandbox ... (12 actions running)
[1,206 / 1,610] Compiling Java headers subprojects/project884/libproject884-hjar.jar (10 source files); 0s darwin-sandbox ... (12 actions running)
[1,229 / 1,604] Building subprojects/project363/tests_for_project363.jar (11 source files); 1s multiplex-worker ... (12 actions running)
[1,270 / 1,598] Building subprojects/project363/libproject363.jar (10 source files); 0s multiplex-worker ... (12 actions, 11 running)
[1,312 / 1,585] Compiling Java headers subprojects/project788/libproject788-hjar.jar (10 source files); 0s darwin-sandbox ... (12 actions, 11 running)
[1,350 / 1,572] Compiling Java headers subprojects/project880/libproject880-hjar.jar (10 source files); 0s darwin-sandbox ... (12 actions, 6 running)
[1,397 / 1,543] Compiling Java headers subprojects/project736/libproject736-hjar.jar (10 source files); 0s darwin-sandbox ... (12 actions, 11 running)
[1,435 / 1,531] Compiling Java headers subprojects/project484/libproject484-hjar.jar (10 source files); 1s darwin-sandbox ... (12 actions, 11 running)
[1,476 / 1,515] Compiling Java headers subprojects/project820/libproject820-hjar.jar (10 source files); 0s darwin-sandbox ... (11 actions, 9 running)
[1,499 / 1,502] Compiling Java headers subprojects/project848/libproject848-hjar.jar (10 source files); 1s darwin-sandbox
INFO: Elapsed time: 42.087s, Critical Path: 8.61s
INFO: 1254 processes: 1 internal, 253 darwin-sandbox, 1000 worker.
INFO: Build completed successfully, 1254 total actions
Execution time 42460 ms

* Running measured build #8
Running command bazel build --nogenerate_json_trace_profile //...
Loading: 
Loading: 
Loading: 0 packages loaded
Analyzing: 3000 targets (0 packages loaded, 0 targets configured)
INFO: Analyzed 3000 targets (0 packages loaded, 0 targets configured).
INFO: Found 3000 targets...
[0 / 69] [Prepa] BazelWorkspaceStatusAction stable-status.txt
[20 / 2,000] Compiling Java headers subprojects/project104/libproject104-hjar.jar (10 source files); 0s darwin-sandbox ... (12 actions, 11 running)
[54 / 1,992] Compiling Java headers subprojects/project3/libproject3-hjar.jar (10 source files); 0s darwin-sandbox ... (12 actions, 9 running)
[95 / 1,978] Compiling Java headers subprojects/project92/libproject92-hjar.jar (10 source files); 0s darwin-sandbox ... (12 actions running)
[123 / 1,975] Compiling Java headers subprojects/project12/libproject12-hjar.jar (10 source files); 1s darwin-sandbox ... (12 actions running)
[158 / 1,961] Compiling Java headers subprojects/project248/libproject248-hjar.jar (10 source files); 1s darwin-sandbox ... (11 actions, 10 running)
[190 / 1,954] Compiling Java headers subprojects/project784/libproject784-hjar.jar (10 source files); 0s darwin-sandbox ... (12 actions running)
[195 / 1,953] Compiling Java headers subprojects/project784/libproject784-hjar.jar (10 source files); 0s darwin-sandbox ... (12 actions, 11 running)
[230 / 1,942] Compiling Java headers subprojects/project192/libproject192-hjar.jar (10 source files); 1s darwin-sandbox ... (12 actions running)
[247 / 1,940] Compiling Java headers subprojects/project52/libproject52-hjar.jar (10 source files); 1s darwin-sandbox ... (12 actions, 11 running)
[291 / 1,932] Compiling Java headers subprojects/project128/libproject128-hjar.jar (10 source files); 0s darwin-sandbox ... (12 actions, 11 running)
[330 / 1,922] Compiling Java headers subprojects/project140/libproject140-hjar.jar (10 source files); 0s darwin-sandbox ... (12 actions, 11 running)
[364 / 1,912] Compiling Java headers subprojects/project236/libproject236-hjar.jar (10 source files); 0s darwin-sandbox ... (12 actions running)
[419 / 1,894] Compiling Java headers subprojects/project300/libproject300-hjar.jar (10 source files); 0s darwin-sandbox ... (12 actions, 11 running)
[461 / 1,863] Compiling Java headers subprojects/project200/libproject200-hjar.jar (10 source files); 0s darwin-sandbox ... (11 actions running)
[499 / 1,846] Compiling Java headers subprojects/project312/libproject312-hjar.jar (10 source files); 0s darwin-sandbox ... (12 actions running)
[526 / 1,837] Compiling Java headers subprojects/project364/libproject364-hjar.jar (10 source files); 1s darwin-sandbox ... (12 actions, 11 running)
[572 / 1,822] Compiling Java headers subprojects/project384/libproject384-hjar.jar (10 source files); 0s darwin-sandbox ... (12 actions, 10 running)
[605 / 1,810] Compiling Java headers subprojects/project340/libproject340-hjar.jar (10 source files); 0s darwin-sandbox ... (12 actions running)
[648 / 1,799] Compiling Java headers subprojects/project464/libproject464-hjar.jar (10 source files); 0s darwin-sandbox ... (12 actions running)
[681 / 1,786] Compiling Java headers subprojects/project476/libproject476-hjar.jar (10 source files); 0s darwin-sandbox ... (11 actions running)
[719 / 1,773] Compiling Java headers subprojects/project416/libproject416-hjar.jar (10 source files); 1s darwin-sandbox ... (11 actions, 10 running)
[750 / 1,763] Compiling Java headers subprojects/project492/libproject492-hjar.jar (10 source files); 0s darwin-sandbox ... (12 actions running)
[798 / 1,748] Compiling Java headers subprojects/project668/libproject668-hjar.jar (10 source files); 0s darwin-sandbox ... (12 actions, 9 running)
[839 / 1,730] Compiling Java headers subprojects/project360/libproject360-hjar.jar (10 source files); 0s darwin-sandbox ... (11 actions, 10 running)
[880 / 1,723] Compiling Java headers subprojects/project608/libproject608-hjar.jar (10 source files); 0s darwin-sandbox ... (12 actions running)
[921 / 1,707] Compiling Java headers subprojects/project363/libproject363-hjar.jar (10 source files); 1s darwin-sandbox ... (12 actions, 11 running)
[953 / 1,698] Compiling Java headers subprojects/project363/libproject363-hjar.jar (10 source files); 2s darwin-sandbox ... (12 actions running)
[1,000 / 1,680] Compiling Java headers subprojects/project876/libproject876-hjar.jar (10 source files); 0s darwin-sandbox ... (12 actions running)
[1,047 / 1,666] Compiling Java headers subprojects/project704/libproject704-hjar.jar (10 source files); 0s darwin-sandbox ... (12 actions, 11 running)
[1,083 / 1,652] Compiling Java headers subprojects/project920/libproject920-hjar.jar (10 source files); 0s darwin-sandbox ... (12 actions, 11 running)
[1,134 / 1,631] Compiling Java headers subprojects/project896/libproject896-hjar.jar (10 source files); 0s darwin-sandbox ... (12 actions running)
[1,156 / 1,625] Compiling Java headers subprojects/project940/libproject940-hjar.jar (10 source files); 1s darwin-sandbox ... (12 actions, 11 running)
[1,192 / 1,617] Compiling Java headers subprojects/project852/libproject852-hjar.jar (10 source files); 1s darwin-sandbox ... (12 actions running)
[1,230 / 1,613] Compiling Java headers subprojects/project980/libproject980-hjar.jar (10 source files); 0s darwin-sandbox ... (12 actions running)
[1,270 / 1,596] Compiling Java headers subprojects/project888/libproject888-hjar.jar (10 source files); 0s darwin-sandbox ... (12 actions, 11 running)
[1,301 / 1,584] Compiling Java headers subprojects/project988/libproject988-hjar.jar (10 source files); 1s darwin-sandbox ... (12 actions, 9 running)
[1,337 / 1,562] Compiling Java headers subprojects/project968/libproject968-hjar.jar (10 source files); 0s darwin-sandbox ... (12 actions, 11 running)
[1,380 / 1,550] Compiling Java headers subprojects/project580/libproject580-hjar.jar (10 source files); 0s darwin-sandbox ... (12 actions, 11 running)
[1,414 / 1,538] Compiling Java headers subprojects/project596/libproject596-hjar.jar (10 source files); 0s darwin-sandbox ... (12 actions running)
[1,465 / 1,516] Compiling Java headers subprojects/project564/libproject564-hjar.jar (10 source files); 0s darwin-sandbox ... (12 actions, 11 running)
[1,481 / 1,510] Compiling Java headers subprojects/project740/libproject740-hjar.jar (10 source files); 1s darwin-sandbox ... (6 actions running)
[1,495 / 1,504] Compiling Java headers subprojects/project848/libproject848-hjar.jar (10 source files); 0s darwin-sandbox ... (5 actions running)
INFO: Elapsed time: 1035.322s, Critical Path: 9.27s
INFO: 1254 processes: 1 internal, 253 darwin-sandbox, 1000 worker.
INFO: Build completed successfully, 1254 total actions
Execution time 44068 ms

* Running measured build #9
Running command bazel build --nogenerate_json_trace_profile //...
Loading: 
Loading: 
Loading: 0 packages loaded
Analyzing: 3000 targets (0 packages loaded, 0 targets configured)
INFO: Analyzed 3000 targets (0 packages loaded, 0 targets configured).
INFO: Found 3000 targets...
[0 / 75] [Prepa] BazelWorkspaceStatusAction stable-status.txt
[16 / 2,000] Compiling Java headers subprojects/project100/libproject100-hjar.jar (10 source files); 1s darwin-sandbox ... (12 actions, 11 running)
[69 / 1,982] Compiling Java headers subprojects/project80/libproject80-hjar.jar (10 source files); 0s darwin-sandbox ... (12 actions, 11 running)
[90 / 1,976] Compiling Java headers subprojects/project128/libproject128-hjar.jar (10 source files); 1s darwin-sandbox ... (12 actions, 11 running)
[136 / 1,964] Compiling Java headers subprojects/project144/libproject144-hjar.jar (10 source files); 0s darwin-sandbox ... (12 actions running)
[176 / 1,951] Compiling Java headers subprojects/project72/libproject72-hjar.jar (10 source files); 0s darwin-sandbox ... (11 actions running)
[227 / 1,931] Compiling Java headers subprojects/project164/libproject164-hjar.jar (10 source files); 0s darwin-sandbox ... (11 actions running)
[256 / 1,927] Compiling Java headers subprojects/project832/libproject832-hjar.jar (10 source files); 0s darwin-sandbox ... (12 actions, 10 running)
[293 / 1,912] Compiling Java headers subprojects/project120/libproject120-hjar.jar (10 source files); 0s darwin-sandbox ... (12 actions running)
[316 / 1,902] Compiling Java headers subprojects/project200/libproject200-hjar.jar (10 source files); 1s darwin-sandbox ... (12 actions, 11 running)
[363 / 1,885] Compiling Java headers subprojects/project316/libproject316-hjar.jar (10 source files); 0s darwin-sandbox ... (12 actions running)
[387 / 1,881] Compiling Java headers subprojects/project280/libproject280-hjar.jar (10 source files); 0s darwin-sandbox ... (12 actions running)
[435 / 1,869] Compiling Java headers subprojects/project256/libproject256-hjar.jar (10 source files); 0s darwin-sandbox ... (11 actions running)
[478 / 1,857] Compiling Java headers subprojects/project388/libproject388-hjar.jar (10 source files); 0s darwin-sandbox ... (12 actions, 10 running)
[520 / 1,837] Compiling Java headers subprojects/project432/libproject432-hjar.jar (10 source files); 0s darwin-sandbox ... (12 actions running)
[557 / 1,830] Compiling Java headers subprojects/project288/libproject288-hjar.jar (10 source files); 0s darwin-sandbox ... (12 actions, 10 running)
[594 / 1,818] Compiling Java headers subprojects/project412/libproject412-hjar.jar (10 source files); 0s darwin-sandbox ... (12 actions running)
[634 / 1,812] Compiling Java headers subprojects/project416/libproject416-hjar.jar (10 source files); 0s darwin-sandbox ... (12 actions, 11 running)
[667 / 1,799] Compiling Java headers subprojects/project444/libproject444-hjar.jar (10 source files); 0s darwin-sandbox ... (12 actions running)
[709 / 1,786] Compiling Java headers subprojects/project580/libproject580-hjar.jar (10 source files); 0s darwin-sandbox ... (12 actions, 11 running)
[751 / 1,764] Compiling Java headers subprojects/project456/libproject456-hjar.jar (10 source files); 0s darwin-sandbox ... (12 actions running)
[791 / 1,752] Compiling Java headers subprojects/project484/libproject484-hjar.jar (10 source files); 0s darwin-sandbox ... (12 actions running)
[833 / 1,737] Compiling Java headers subprojects/project320/libproject320-hjar.jar (10 source files); 0s darwin-sandbox ... (12 actions, 10 running)
[869 / 1,726] Compiling Java headers subprojects/project492/libproject492-hjar.jar (10 source files); 0s darwin-sandbox ... (12 actions, 10 running)
[905 / 1,705] Compiling Java headers subprojects/project708/libproject708-hjar.jar (10 source files); 0s darwin-sandbox ... (12 actions running)
[943 / 1,695] Compiling Java headers subprojects/project552/libproject552-hjar.jar (10 source files); 0s darwin-sandbox ... (12 actions, 10 running)
[971 / 1,683] Building subprojects/project363/libproject363.jar (10 source files); 1s multiplex-worker ... (12 actions running)
[1,023 / 1,669] Compiling Java headers subprojects/project363/libproject363-hjar.jar (10 source files); 0s darwin-sandbox ... (12 actions running)
[1,059 / 1,657] Compiling Java headers subprojects/project363/libproject363-hjar.jar (10 source files); 1s darwin-sandbox ... (12 actions running)
[1,104 / 1,642] Compiling Java headers subprojects/project564/libproject564-hjar.jar (10 source files); 0s darwin-sandbox ... (11 actions, 10 running)
[1,139 / 1,633] Compiling Java headers subprojects/project976/libproject976-hjar.jar (10 source files); 0s darwin-sandbox ... (12 actions running)
[1,164 / 1,621] Compiling Java headers subprojects/project524/libproject524-hjar.jar (10 source files); 1s darwin-sandbox ... (12 actions running)
[1,215 / 1,606] Compiling Java headers subprojects/project812/libproject812-hjar.jar (10 source files); 0s darwin-sandbox ... (12 actions running)
[1,249 / 1,593] Compiling Java headers subprojects/project816/libproject816-hjar.jar (10 source files); 0s darwin-sandbox ... (11 actions, 10 running)
[1,291 / 1,579] Compiling Java headers subprojects/project828/libproject828-hjar.jar (10 source files); 0s darwin-sandbox ... (12 actions, 10 running)
[1,331 / 1,568] Compiling Java headers subprojects/project860/libproject860-hjar.jar (10 source files); 0s darwin-sandbox ... (12 actions, 11 running)
[1,364 / 1,553] Compiling Java headers subprojects/project760/libproject760-hjar.jar (10 source files); 0s darwin-sandbox ... (12 actions, 11 running)
[1,405 / 1,538] Compiling Java headers subprojects/project652/libproject652-hjar.jar (10 source files); 0s darwin-sandbox ... (12 actions running)
[1,452 / 1,523] Compiling Java headers subprojects/project644/libproject644-hjar.jar (10 source files); 0s darwin-sandbox ... (12 actions, 11 running)
[1,487 / 1,508] Compiling Java headers subprojects/project740/libproject740-hjar.jar (10 source files); 0s darwin-sandbox ... (7 actions running)
[1,498 / 1,502] Compiling Java headers subprojects/project848/libproject848-hjar.jar (10 source files); 0s darwin-sandbox ... (2 actions running)
INFO: Elapsed time: 1020.669s, Critical Path: 9.05s
INFO: 1254 processes: 1 internal, 253 darwin-sandbox, 1000 worker.
INFO: Build completed successfully, 1254 total actions
Execution time 43104 ms

* Running measured build #10
Running command bazel build --nogenerate_json_trace_profile //...
Loading: 
Loading: 
Loading: 0 packages loaded
Analyzing: 3000 targets (0 packages loaded, 0 targets configured)
INFO: Analyzed 3000 targets (0 packages loaded, 0 targets configured).
INFO: Found 3000 targets...
[0 / 27] [Prepa] BazelWorkspaceStatusAction stable-status.txt
[12 / 2,000] Compiling Java headers subprojects/project104/libproject104-hjar.jar (10 source files); 1s darwin-sandbox ... (12 actions, 11 running)
[67 / 1,981] Compiling Java headers subprojects/project80/libproject80-hjar.jar (10 source files); 0s darwin-sandbox ... (12 actions, 11 running)
[86 / 1,978] Compiling Java headers subprojects/project136/libproject136-hjar.jar (10 source files); 0s darwin-sandbox ... (12 actions, 9 running)
[119 / 1,970] Compiling Java headers subprojects/project132/libproject132-hjar.jar (10 source files); 0s darwin-sandbox ... (12 actions, 11 running)
[146 / 1,968] Compiling Java headers subprojects/project68/libproject68-hjar.jar (10 source files); 0s darwin-sandbox ... (11 actions, 9 running)
[187 / 1,957] Compiling Java headers subprojects/project148/libproject148-hjar.jar (10 source files); 0s darwin-sandbox ... (12 actions running)
[226 / 1,949] Compiling Java headers subprojects/project176/libproject176-hjar.jar (10 source files); 0s darwin-sandbox ... (12 actions, 11 running)
[273 / 1,917] Compiling Java headers subprojects/project188/libproject188-hjar.jar (10 source files); 0s darwin-sandbox ... (12 actions, 11 running)
[312 / 1,907] Compiling Java headers subprojects/project200/libproject200-hjar.jar (10 source files); 0s darwin-sandbox ... (12 actions running)
[353 / 1,891] Compiling Java headers subprojects/project120/libproject120-hjar.jar (10 source files); 0s darwin-sandbox ... (12 actions running)
[385 / 1,881] Compiling Java headers subprojects/project288/libproject288-hjar.jar (10 source files); 0s darwin-sandbox ... (11 actions, 9 running)
[428 / 1,871] Compiling Java headers subprojects/project380/libproject380-hjar.jar (10 source files); 0s darwin-sandbox ... (12 actions, 11 running)
[465 / 1,856] Compiling Java headers subprojects/project532/libproject532-hjar.jar (10 source files); 0s darwin-sandbox ... (11 actions running)
[502 / 1,840] Compiling Java headers subprojects/project348/libproject348-hjar.jar (10 source files); 0s darwin-sandbox ... (12 actions, 11 running)
[546 / 1,830] Compiling Java headers subprojects/project516/libproject516-hjar.jar (10 source files); 0s darwin-sandbox ... (11 actions running)
[552 / 1,828] Compiling Java headers subprojects/project516/libproject516-hjar.jar (10 source files); 1s darwin-sandbox ... (12 actions, 10 running)
[599 / 1,815] Compiling Java headers subprojects/project900/libproject900-hjar.jar (10 source files); 0s darwin-sandbox ... (12 actions, 11 running)
[642 / 1,791] Compiling Java headers subprojects/project564/libproject564-hjar.jar (10 source files); 1s darwin-sandbox ... (12 actions, 11 running)
[670 / 1,788] Compiling Java headers subprojects/project636/libproject636-hjar.jar (10 source files); 1s darwin-sandbox ... (12 actions, 11 running)
[715 / 1,776] Compiling Java headers subprojects/project368/libproject368-hjar.jar (10 source files); 0s darwin-sandbox ... (12 actions, 11 running)
[743 / 1,767] Compiling Java headers subprojects/project224/libproject224-hjar.jar (10 source files); 1s darwin-sandbox ... (12 actions running)
[784 / 1,755] Compiling Java headers subprojects/project504/libproject504-hjar.jar (10 source files); 0s darwin-sandbox ... (12 actions, 11 running)
[817 / 1,746] Compiling Java headers subprojects/project412/libproject412-hjar.jar (10 source files); 0s darwin-sandbox ... (12 actions, 11 running)
[864 / 1,730] Compiling Java headers subprojects/project416/libproject416-hjar.jar (10 source files); 0s darwin-sandbox ... (12 actions, 11 running)
[891 / 1,723] Compiling Java headers subprojects/project608/libproject608-hjar.jar (10 source files); 1s darwin-sandbox ... (12 actions, 11 running)
[948 / 1,693] Compiling Java headers subprojects/project648/libproject648-hjar.jar (10 source files); 0s darwin-sandbox ... (12 actions, 11 running)
[990 / 1,681] Compiling Java headers subprojects/project363/libproject363-hjar.jar (10 source files); 1s darwin-sandbox ... (11 actions, 10 running)
[1,026 / 1,666] Compiling Java headers subprojects/project363/libproject363-hjar.jar (10 source files); 2s darwin-sandbox ... (11 actions, 10 running)
[1,066 / 1,652] Compiling Java headers subprojects/project452/libproject452-hjar.jar (10 source files); 0s darwin-sandbox ... (12 actions, 11 running)
[1,098 / 1,643] Building subprojects/project363/tests_for_project363.jar (11 source files); 1s multiplex-worker ... (12 actions, 11 running)
[1,135 / 1,631] Building subprojects/project363/libproject363.jar (10 source files); 0s multiplex-worker ... (12 actions, 11 running)
[1,168 / 1,624] Compiling Java headers subprojects/project464/libproject464-hjar.jar (10 source files); 0s darwin-sandbox ... (12 actions, 11 running)
[1,207 / 1,616] Compiling Java headers subprojects/project928/libproject928-hjar.jar (10 source files); 0s darwin-sandbox ... (12 actions, 11 running)
[1,242 / 1,612] Compiling Java headers subprojects/project728/libproject728-hjar.jar (10 source files); 0s darwin-sandbox ... (11 actions, 10 running)
[1,288 / 1,604] Compiling Java headers subprojects/project884/libproject884-hjar.jar (10 source files); 0s darwin-sandbox ... (11 actions, 10 running)
[1,327 / 1,594] Compiling Java headers subprojects/project800/libproject800-hjar.jar (10 source files); 0s darwin-sandbox ... (12 actions, 11 running)
[1,365 / 1,570] Compiling Java headers subprojects/project680/libproject680-hjar.jar (10 source files); 0s darwin-sandbox ... (12 actions, 10 running)
[1,417 / 1,549] Compiling Java headers subprojects/project480/libproject480-hjar.jar (10 source files); 0s darwin-sandbox ... (12 actions, 11 running)
[1,467 / 1,517] Compiling Java headers subprojects/project484/libproject484-hjar.jar (10 source files); 0s darwin-sandbox ... (12 actions running)
[1,493 / 1,507] Building subprojects/project727/tests_for_project727.jar (11 source files); 0s multiplex-worker ... (8 actions running)
INFO: Elapsed time: 1052.842s, Critical Path: 9.65s
INFO: 1254 processes: 1 internal, 253 darwin-sandbox, 1000 worker.
INFO: Build completed successfully, 1254 total actions
Execution time 42766 ms

* Results written to /Users/ttresansky/Projects/compilation-avoidance-experiment/results/abiChange/bazel
  /Users/ttresansky/Projects/compilation-avoidance-experiment/results/abiChange/bazel/benchmark.csv
  /Users/ttresansky/Projects/compilation-avoidance-experiment/results/abiChange/bazel/benchmark.html

