
* Started at 2023-07-19T16:39:50.058047Z

* Settings
Project dir: /Users/ttresansky/Projects/compilation-avoidance-experiment
Output dir: /Users/ttresansky/Projects/compilation-avoidance-experiment/results/nonAbiChange/gradle-8.2.1
Profiler: none
Benchmark: true
Versions: [8.2.1]
Gradle User Home: /Users/ttresansky/Projects/compilation-avoidance-experiment/gradle-user-home
Targets: [nonAbiChange]
Warm-ups: 5
Builds: 10

* Inspecting the build using Gradle version '8.2.1'
> Task :buildSrc:compileJava UP-TO-DATE
> Task :buildSrc:compileGroovy NO-SOURCE
> Task :buildSrc:processResources NO-SOURCE
> Task :buildSrc:classes UP-TO-DATE
> Task :buildSrc:jar UP-TO-DATE

> Task :help

Welcome to Gradle 8.2.1.

To run a build, run gradle <task> ...

To see a list of available tasks, run gradle tasks

To see more detail about a task, run gradle help --task <task>

To see a list of command-line options, run gradle --help

For more detail on using Gradle, see https://docs.gradle.org/8.2.1/userguide/command_line_interface.html

For troubleshooting, visit https://help.gradle.org

BUILD SUCCESSFUL in 3s
3 actionable tasks: 1 executed, 2 up-to-date

* Stopping daemons
Running command /Users/ttresansky/Projects/compilation-avoidance-experiment/gradle-user-home/wrapper/dists/gradle-8.2.1-bin/5hap6b9n41hkg4jeh2au2pllh/gradle-8.2.1/bin/gradle --stop --gradle-user-home /Users/ttresansky/Projects/compilation-avoidance-experiment/gradle-user-home
Stopping Daemon(s)
1 Daemon stopped

* Scenarios
Scenario: nonAbiChange using Gradle 8.2.1
  Gradle 8.2.1 (/Users/ttresansky/Projects/compilation-avoidance-experiment/gradle-user-home/wrapper/dists/gradle-8.2.1-bin/5hap6b9n41hkg4jeh2au2pllh/gradle-8.2.1)
  Run using: Tooling API
  Run: run tasks assemble
  Cleanup: do nothing
  Gradle args: []
  Build changes: [ApplyNonAbiChangeToSourceFileMutator(/Users/ttresansky/Projects/compilation-avoidance-experiment/project0/src/main/java/org/gradle/test/performance/compilationavoidanceexperiment/project0/p0/Production0.java)]
  Warm-ups: 5
  Builds: 10

* Running scenario nonAbiChange using Gradle 8.2.1 (scenario 1/1)

* Stopping daemons
Running command /Users/ttresansky/Projects/compilation-avoidance-experiment/gradle-user-home/wrapper/dists/gradle-8.2.1-bin/5hap6b9n41hkg4jeh2au2pllh/gradle-8.2.1/bin/gradle --stop --gradle-user-home /Users/ttresansky/Projects/compilation-avoidance-experiment/gradle-user-home
No Gradle daemons are running.

* Build details
Gradle version: Gradle 8.2.1
Java home: /Users/ttresansky/.sdkman/candidates/java/17.0.7-tem
OS: mac os x aarch64 13.4.1
JVM args:
  --add-opens=java.base/java.util=ALL-UNNAMED
  --add-opens=java.base/java.lang=ALL-UNNAMED
  --add-opens=java.base/java.lang.invoke=ALL-UNNAMED
  --add-opens=java.prefs/java.util.prefs=ALL-UNNAMED
  --add-opens=java.base/java.nio.charset=ALL-UNNAMED
  --add-opens=java.base/java.net=ALL-UNNAMED
  --add-opens=java.base/java.util.concurrent.atomic=ALL-UNNAMED
  -Xms2g
  -Xmx2g
  -Dfile.encoding=UTF-8
  -Duser.country=US
  -Duser.language=en
  -Duser.variant
  -Dfile.encoding=UTF-8
  -Dorg.gradle.profiler.scenario=nonAbiChange
Gradle args:
  --gradle-user-home
  /Users/ttresansky/Projects/compilation-avoidance-experiment/gradle-user-home
  -I
  /private/var/folders/r8/y04vh5s12lb9fw5zz3vcd1mm0000gq/T/gradleProfiler7463170540582325897.gradle

* Running warm-up build #1
> Task :buildSrc:compileJava UP-TO-DATE
> Task :buildSrc:compileGroovy NO-SOURCE
> Task :buildSrc:processResources NO-SOURCE
> Task :buildSrc:classes UP-TO-DATE
> Task :buildSrc:jar UP-TO-DATE
> Task :project3:processResources NO-SOURCE
> Task :project4:processResources NO-SOURCE
> Task :project2:compileJava UP-TO-DATE
> Task :project1:compileJava UP-TO-DATE
> Task :project5:compileJava UP-TO-DATE
> Task :project1:processResources NO-SOURCE
> Task :project2:processResources NO-SOURCE
> Task :project5:processResources NO-SOURCE
> Task :project1:classes UP-TO-DATE
> Task :project2:classes UP-TO-DATE
> Task :project5:classes UP-TO-DATE
> Task :project1:jar UP-TO-DATE
> Task :project1:assemble UP-TO-DATE
> Task :project2:jar UP-TO-DATE
> Task :project2:assemble UP-TO-DATE
> Task :project5:jar UP-TO-DATE
> Task :project5:assemble UP-TO-DATE
> Task :project7:processResources NO-SOURCE
> Task :project8:processResources NO-SOURCE
> Task :project6:compileJava UP-TO-DATE
> Task :project9:compileJava UP-TO-DATE
> Task :project6:processResources NO-SOURCE
> Task :project9:processResources NO-SOURCE
> Task :project6:classes UP-TO-DATE
> Task :project9:classes UP-TO-DATE
> Task :project6:jar UP-TO-DATE
> Task :project9:jar UP-TO-DATE
> Task :project6:assemble UP-TO-DATE
> Task :project9:assemble UP-TO-DATE
> Task :project0:compileJava
> Task :project0:processResources NO-SOURCE
> Task :project0:classes
> Task :project0:jar
> Task :project0:assemble
> Task :project4:compileJava UP-TO-DATE
> Task :project8:compileJava UP-TO-DATE
> Task :project4:classes UP-TO-DATE
> Task :project8:classes UP-TO-DATE
> Task :project4:jar UP-TO-DATE
> Task :project4:assemble UP-TO-DATE
> Task :project8:jar UP-TO-DATE
> Task :project8:assemble UP-TO-DATE
> Task :project3:compileJava UP-TO-DATE
> Task :project3:classes UP-TO-DATE
> Task :project3:jar UP-TO-DATE
> Task :project3:assemble UP-TO-DATE
> Task :project7:compileJava UP-TO-DATE
> Task :project7:classes UP-TO-DATE
> Task :project7:jar UP-TO-DATE
> Task :project7:assemble UP-TO-DATE

Deprecated Gradle features were used in this build, making it incompatible with Gradle 9.0.

You can use '--warning-mode all' to show the individual deprecation warnings and determine if they come from your own scripts or plugins.

For more on this, please refer to https://docs.gradle.org/8.2.1/userguide/command_line_interface.html#sec:command_line_warnings in the Gradle documentation.

BUILD SUCCESSFUL in 3s
22 actionable tasks: 2 executed, 20 up-to-date
Used daemon with pid 74985
Execution time 3705 ms

* Running warm-up build #2
> Task :buildSrc:compileJava UP-TO-DATE
> Task :buildSrc:compileGroovy NO-SOURCE
> Task :buildSrc:processResources NO-SOURCE
> Task :buildSrc:classes UP-TO-DATE
> Task :buildSrc:jar UP-TO-DATE
> Task :project3:processResources NO-SOURCE
> Task :project4:processResources NO-SOURCE
> Task :project1:compileJava UP-TO-DATE
> Task :project2:compileJava UP-TO-DATE
> Task :project5:compileJava UP-TO-DATE
> Task :project2:processResources NO-SOURCE
> Task :project5:processResources NO-SOURCE
> Task :project1:processResources NO-SOURCE
> Task :project2:classes UP-TO-DATE
> Task :project1:classes UP-TO-DATE
> Task :project5:classes UP-TO-DATE
> Task :project2:jar UP-TO-DATE
> Task :project5:jar UP-TO-DATE
> Task :project2:assemble UP-TO-DATE
> Task :project1:jar UP-TO-DATE
> Task :project5:assemble UP-TO-DATE
> Task :project1:assemble UP-TO-DATE
> Task :project7:processResources NO-SOURCE
> Task :project8:processResources NO-SOURCE
> Task :project6:compileJava UP-TO-DATE
> Task :project9:compileJava UP-TO-DATE
> Task :project6:processResources NO-SOURCE
> Task :project9:processResources NO-SOURCE
> Task :project6:classes UP-TO-DATE
> Task :project9:classes UP-TO-DATE
> Task :project6:jar UP-TO-DATE
> Task :project9:jar UP-TO-DATE
> Task :project6:assemble UP-TO-DATE
> Task :project9:assemble UP-TO-DATE
> Task :project0:compileJava
> Task :project0:processResources NO-SOURCE
> Task :project0:classes
> Task :project8:compileJava UP-TO-DATE
> Task :project8:classes UP-TO-DATE
> Task :project3:compileJava UP-TO-DATE
> Task :project3:classes UP-TO-DATE
> Task :project4:compileJava UP-TO-DATE
> Task :project8:jar UP-TO-DATE
> Task :project4:classes UP-TO-DATE
> Task :project3:jar UP-TO-DATE
> Task :project3:assemble UP-TO-DATE
> Task :project4:jar UP-TO-DATE
> Task :project8:assemble UP-TO-DATE
> Task :project4:assemble UP-TO-DATE
> Task :project7:compileJava UP-TO-DATE
> Task :project0:jar
> Task :project7:classes UP-TO-DATE
> Task :project0:assemble
> Task :project7:jar UP-TO-DATE
> Task :project7:assemble UP-TO-DATE

Deprecated Gradle features were used in this build, making it incompatible with Gradle 9.0.

You can use '--warning-mode all' to show the individual deprecation warnings and determine if they come from your own scripts or plugins.

For more on this, please refer to https://docs.gradle.org/8.2.1/userguide/command_line_interface.html#sec:command_line_warnings in the Gradle documentation.

BUILD SUCCESSFUL in 635ms
22 actionable tasks: 2 executed, 20 up-to-date
Used daemon with pid 74985
Execution time 663 ms

* Running warm-up build #3
> Task :buildSrc:compileJava UP-TO-DATE
> Task :buildSrc:compileGroovy NO-SOURCE
> Task :buildSrc:processResources NO-SOURCE
> Task :buildSrc:classes UP-TO-DATE
> Task :buildSrc:jar UP-TO-DATE
> Task :project3:processResources NO-SOURCE
> Task :project4:processResources NO-SOURCE
> Task :project5:compileJava UP-TO-DATE
> Task :project2:compileJava UP-TO-DATE
> Task :project1:compileJava UP-TO-DATE
> Task :project2:processResources NO-SOURCE
> Task :project1:processResources NO-SOURCE
> Task :project2:classes UP-TO-DATE
> Task :project5:processResources NO-SOURCE
> Task :project1:classes UP-TO-DATE
> Task :project5:classes UP-TO-DATE
> Task :project1:jar UP-TO-DATE
> Task :project2:jar UP-TO-DATE
> Task :project1:assemble UP-TO-DATE
> Task :project2:assemble UP-TO-DATE
> Task :project5:jar UP-TO-DATE
> Task :project5:assemble UP-TO-DATE
> Task :project7:processResources NO-SOURCE
> Task :project8:processResources NO-SOURCE
> Task :project6:compileJava UP-TO-DATE
> Task :project9:compileJava UP-TO-DATE
> Task :project6:processResources NO-SOURCE
> Task :project6:classes UP-TO-DATE
> Task :project9:processResources NO-SOURCE
> Task :project9:classes UP-TO-DATE
> Task :project6:jar UP-TO-DATE
> Task :project6:assemble UP-TO-DATE
> Task :project9:jar UP-TO-DATE
> Task :project9:assemble UP-TO-DATE
> Task :project0:compileJava
> Task :project0:processResources NO-SOURCE
> Task :project0:classes
> Task :project8:compileJava UP-TO-DATE
> Task :project3:compileJava UP-TO-DATE
> Task :project4:compileJava UP-TO-DATE
> Task :project8:classes UP-TO-DATE
> Task :project3:classes UP-TO-DATE
> Task :project4:classes UP-TO-DATE
> Task :project3:jar UP-TO-DATE
> Task :project3:assemble UP-TO-DATE
> Task :project4:jar UP-TO-DATE
> Task :project0:jar
> Task :project4:assemble UP-TO-DATE
> Task :project0:assemble
> Task :project8:jar UP-TO-DATE
> Task :project8:assemble UP-TO-DATE
> Task :project7:compileJava UP-TO-DATE
> Task :project7:classes UP-TO-DATE
> Task :project7:jar UP-TO-DATE
> Task :project7:assemble UP-TO-DATE

Deprecated Gradle features were used in this build, making it incompatible with Gradle 9.0.

You can use '--warning-mode all' to show the individual deprecation warnings and determine if they come from your own scripts or plugins.

For more on this, please refer to https://docs.gradle.org/8.2.1/userguide/command_line_interface.html#sec:command_line_warnings in the Gradle documentation.

BUILD SUCCESSFUL in 583ms
22 actionable tasks: 2 executed, 20 up-to-date
Used daemon with pid 74985
Execution time 602 ms

* Running warm-up build #4
> Task :buildSrc:compileJava UP-TO-DATE
> Task :buildSrc:compileGroovy NO-SOURCE
> Task :buildSrc:processResources NO-SOURCE
> Task :buildSrc:classes UP-TO-DATE
> Task :buildSrc:jar UP-TO-DATE
> Task :project3:processResources NO-SOURCE
> Task :project4:processResources NO-SOURCE
> Task :project5:compileJava UP-TO-DATE
> Task :project5:processResources NO-SOURCE
> Task :project5:classes UP-TO-DATE
> Task :project5:jar UP-TO-DATE
> Task :project5:assemble UP-TO-DATE
> Task :project1:compileJava UP-TO-DATE
> Task :project1:processResources NO-SOURCE
> Task :project1:classes UP-TO-DATE
> Task :project2:compileJava UP-TO-DATE
> Task :project2:processResources NO-SOURCE
> Task :project2:classes UP-TO-DATE
> Task :project2:jar UP-TO-DATE
> Task :project2:assemble UP-TO-DATE
> Task :project6:compileJava UP-TO-DATE
> Task :project6:processResources NO-SOURCE
> Task :project6:classes UP-TO-DATE
> Task :project6:jar UP-TO-DATE
> Task :project6:assemble UP-TO-DATE
> Task :project8:processResources NO-SOURCE
> Task :project7:processResources NO-SOURCE
> Task :project9:compileJava UP-TO-DATE
> Task :project9:processResources NO-SOURCE
> Task :project9:classes UP-TO-DATE
> Task :project9:jar UP-TO-DATE
> Task :project9:assemble UP-TO-DATE
> Task :project1:jar UP-TO-DATE
> Task :project1:assemble UP-TO-DATE
> Task :project0:compileJava
> Task :project0:processResources NO-SOURCE
> Task :project0:classes
> Task :project8:compileJava UP-TO-DATE
> Task :project4:compileJava UP-TO-DATE
> Task :project3:compileJava UP-TO-DATE
> Task :project4:classes UP-TO-DATE
> Task :project3:classes UP-TO-DATE
> Task :project0:jar
> Task :project3:jar UP-TO-DATE
> Task :project0:assemble
> Task :project4:jar UP-TO-DATE
> Task :project3:assemble UP-TO-DATE
> Task :project8:classes UP-TO-DATE
> Task :project4:assemble UP-TO-DATE
> Task :project8:jar UP-TO-DATE
> Task :project8:assemble UP-TO-DATE
> Task :project7:compileJava UP-TO-DATE
> Task :project7:classes UP-TO-DATE
> Task :project7:jar UP-TO-DATE
> Task :project7:assemble UP-TO-DATE

Deprecated Gradle features were used in this build, making it incompatible with Gradle 9.0.

You can use '--warning-mode all' to show the individual deprecation warnings and determine if they come from your own scripts or plugins.

For more on this, please refer to https://docs.gradle.org/8.2.1/userguide/command_line_interface.html#sec:command_line_warnings in the Gradle documentation.

BUILD SUCCESSFUL in 1s
22 actionable tasks: 2 executed, 20 up-to-date
Used daemon with pid 74985
Execution time 1104 ms

* Running warm-up build #5
> Task :buildSrc:compileJava UP-TO-DATE
> Task :buildSrc:compileGroovy NO-SOURCE
> Task :buildSrc:processResources NO-SOURCE
> Task :buildSrc:classes UP-TO-DATE
> Task :buildSrc:jar UP-TO-DATE
> Task :project3:processResources NO-SOURCE
> Task :project4:processResources NO-SOURCE
> Task :project2:compileJava UP-TO-DATE
> Task :project1:compileJava UP-TO-DATE
> Task :project5:compileJava UP-TO-DATE
> Task :project2:processResources NO-SOURCE
> Task :project5:processResources NO-SOURCE
> Task :project1:processResources NO-SOURCE
> Task :project2:classes UP-TO-DATE
> Task :project1:classes UP-TO-DATE
> Task :project5:classes UP-TO-DATE
> Task :project5:jar UP-TO-DATE
> Task :project1:jar UP-TO-DATE
> Task :project2:jar UP-TO-DATE
> Task :project1:assemble UP-TO-DATE
> Task :project2:assemble UP-TO-DATE
> Task :project5:assemble UP-TO-DATE
> Task :project8:processResources NO-SOURCE
> Task :project7:processResources NO-SOURCE
> Task :project6:compileJava UP-TO-DATE
> Task :project9:compileJava UP-TO-DATE
> Task :project6:processResources NO-SOURCE
> Task :project6:classes UP-TO-DATE
> Task :project9:processResources NO-SOURCE
> Task :project9:classes UP-TO-DATE
> Task :project6:jar UP-TO-DATE
> Task :project6:assemble UP-TO-DATE
> Task :project9:jar UP-TO-DATE
> Task :project9:assemble UP-TO-DATE
> Task :project0:compileJava
> Task :project0:processResources NO-SOURCE
> Task :project0:classes
> Task :project8:compileJava UP-TO-DATE
> Task :project3:compileJava UP-TO-DATE
> Task :project4:compileJava UP-TO-DATE
> Task :project3:classes UP-TO-DATE
> Task :project8:classes UP-TO-DATE
> Task :project4:classes UP-TO-DATE
> Task :project3:jar UP-TO-DATE
> Task :project3:assemble UP-TO-DATE
> Task :project4:jar UP-TO-DATE
> Task :project4:assemble UP-TO-DATE
> Task :project8:jar UP-TO-DATE
> Task :project8:assemble UP-TO-DATE
> Task :project0:jar
> Task :project0:assemble
> Task :project7:compileJava UP-TO-DATE
> Task :project7:classes UP-TO-DATE
> Task :project7:jar UP-TO-DATE
> Task :project7:assemble UP-TO-DATE

Deprecated Gradle features were used in this build, making it incompatible with Gradle 9.0.

You can use '--warning-mode all' to show the individual deprecation warnings and determine if they come from your own scripts or plugins.

For more on this, please refer to https://docs.gradle.org/8.2.1/userguide/command_line_interface.html#sec:command_line_warnings in the Gradle documentation.

BUILD SUCCESSFUL in 590ms
22 actionable tasks: 2 executed, 20 up-to-date
Used daemon with pid 74985
Execution time 627 ms

* Using args for instrumented builds:

* Running measured build #1
> Task :buildSrc:compileJava UP-TO-DATE
> Task :buildSrc:compileGroovy NO-SOURCE
> Task :buildSrc:processResources NO-SOURCE
> Task :buildSrc:classes UP-TO-DATE
> Task :buildSrc:jar UP-TO-DATE
> Task :project3:processResources NO-SOURCE
> Task :project4:processResources NO-SOURCE
> Task :project2:compileJava UP-TO-DATE
> Task :project5:compileJava UP-TO-DATE
> Task :project1:compileJava UP-TO-DATE
> Task :project1:processResources NO-SOURCE
> Task :project2:processResources NO-SOURCE
> Task :project5:processResources NO-SOURCE
> Task :project1:classes UP-TO-DATE
> Task :project2:classes UP-TO-DATE
> Task :project5:classes UP-TO-DATE
> Task :project1:jar UP-TO-DATE
> Task :project2:jar UP-TO-DATE
> Task :project1:assemble UP-TO-DATE
> Task :project2:assemble UP-TO-DATE
> Task :project5:jar UP-TO-DATE
> Task :project5:assemble UP-TO-DATE
> Task :project7:processResources NO-SOURCE
> Task :project8:processResources NO-SOURCE
> Task :project6:compileJava UP-TO-DATE
> Task :project9:compileJava UP-TO-DATE
> Task :project6:processResources NO-SOURCE
> Task :project6:classes UP-TO-DATE
> Task :project9:processResources NO-SOURCE
> Task :project9:classes UP-TO-DATE
> Task :project6:jar UP-TO-DATE
> Task :project6:assemble UP-TO-DATE
> Task :project9:jar UP-TO-DATE
> Task :project9:assemble UP-TO-DATE
> Task :project0:compileJava
> Task :project0:processResources NO-SOURCE
> Task :project0:classes
> Task :project8:compileJava UP-TO-DATE
> Task :project4:compileJava UP-TO-DATE
> Task :project3:compileJava UP-TO-DATE
> Task :project8:classes UP-TO-DATE
> Task :project4:classes UP-TO-DATE
> Task :project3:classes UP-TO-DATE
> Task :project0:jar
> Task :project3:jar UP-TO-DATE
> Task :project0:assemble
> Task :project4:jar UP-TO-DATE
> Task :project3:assemble UP-TO-DATE
> Task :project4:assemble UP-TO-DATE
> Task :project8:jar UP-TO-DATE
> Task :project8:assemble UP-TO-DATE
> Task :project7:compileJava UP-TO-DATE
> Task :project7:classes UP-TO-DATE
> Task :project7:jar UP-TO-DATE
> Task :project7:assemble UP-TO-DATE

Deprecated Gradle features were used in this build, making it incompatible with Gradle 9.0.

You can use '--warning-mode all' to show the individual deprecation warnings and determine if they come from your own scripts or plugins.

For more on this, please refer to https://docs.gradle.org/8.2.1/userguide/command_line_interface.html#sec:command_line_warnings in the Gradle documentation.

BUILD SUCCESSFUL in 572ms
22 actionable tasks: 2 executed, 20 up-to-date
Used daemon with pid 74985
Execution time 671 ms

* Running measured build #2
> Task :buildSrc:compileJava UP-TO-DATE
> Task :buildSrc:compileGroovy NO-SOURCE
> Task :buildSrc:processResources NO-SOURCE
> Task :buildSrc:classes UP-TO-DATE
> Task :buildSrc:jar UP-TO-DATE
> Task :project3:processResources NO-SOURCE
> Task :project4:processResources NO-SOURCE
> Task :project5:compileJava UP-TO-DATE
> Task :project2:compileJava UP-TO-DATE
> Task :project1:compileJava UP-TO-DATE
> Task :project1:processResources NO-SOURCE
> Task :project2:processResources NO-SOURCE
> Task :project5:processResources NO-SOURCE
> Task :project1:classes UP-TO-DATE
> Task :project2:classes UP-TO-DATE
> Task :project5:classes UP-TO-DATE
> Task :project1:jar UP-TO-DATE
> Task :project2:jar UP-TO-DATE
> Task :project5:jar UP-TO-DATE
> Task :project1:assemble UP-TO-DATE
> Task :project2:assemble UP-TO-DATE
> Task :project5:assemble UP-TO-DATE
> Task :project8:processResources NO-SOURCE
> Task :project7:processResources NO-SOURCE
> Task :project6:compileJava UP-TO-DATE
> Task :project6:processResources NO-SOURCE
> Task :project6:classes UP-TO-DATE
> Task :project9:compileJava UP-TO-DATE
> Task :project9:processResources NO-SOURCE
> Task :project9:classes UP-TO-DATE
> Task :project6:jar UP-TO-DATE
> Task :project6:assemble UP-TO-DATE
> Task :project9:jar UP-TO-DATE
> Task :project9:assemble UP-TO-DATE
> Task :project0:compileJava
> Task :project0:processResources NO-SOURCE
> Task :project0:classes
> Task :project8:compileJava UP-TO-DATE
> Task :project8:classes UP-TO-DATE
> Task :project3:compileJava UP-TO-DATE
> Task :project4:compileJava UP-TO-DATE
> Task :project3:classes UP-TO-DATE
> Task :project4:classes UP-TO-DATE
> Task :project0:jar
> Task :project0:assemble
> Task :project3:jar UP-TO-DATE
> Task :project3:assemble UP-TO-DATE
> Task :project4:jar UP-TO-DATE
> Task :project8:jar UP-TO-DATE
> Task :project4:assemble UP-TO-DATE
> Task :project8:assemble UP-TO-DATE
> Task :project7:compileJava UP-TO-DATE
> Task :project7:classes UP-TO-DATE
> Task :project7:jar UP-TO-DATE
> Task :project7:assemble UP-TO-DATE

Deprecated Gradle features were used in this build, making it incompatible with Gradle 9.0.

You can use '--warning-mode all' to show the individual deprecation warnings and determine if they come from your own scripts or plugins.

For more on this, please refer to https://docs.gradle.org/8.2.1/userguide/command_line_interface.html#sec:command_line_warnings in the Gradle documentation.

BUILD SUCCESSFUL in 597ms
22 actionable tasks: 2 executed, 20 up-to-date
Used daemon with pid 74985
Execution time 639 ms

* Running measured build #3
> Task :buildSrc:compileJava UP-TO-DATE
> Task :buildSrc:compileGroovy NO-SOURCE
> Task :buildSrc:processResources NO-SOURCE
> Task :buildSrc:classes UP-TO-DATE
> Task :buildSrc:jar UP-TO-DATE
> Task :project3:processResources NO-SOURCE
> Task :project4:processResources NO-SOURCE
> Task :project1:compileJava UP-TO-DATE
> Task :project2:compileJava UP-TO-DATE
> Task :project5:compileJava UP-TO-DATE
> Task :project2:processResources NO-SOURCE
> Task :project1:processResources NO-SOURCE
> Task :project5:processResources NO-SOURCE
> Task :project2:classes UP-TO-DATE
> Task :project1:classes UP-TO-DATE
> Task :project5:classes UP-TO-DATE
> Task :project2:jar UP-TO-DATE
> Task :project1:jar UP-TO-DATE
> Task :project5:jar UP-TO-DATE
> Task :project1:assemble UP-TO-DATE
> Task :project2:assemble UP-TO-DATE
> Task :project5:assemble UP-TO-DATE
> Task :project7:processResources NO-SOURCE
> Task :project8:processResources NO-SOURCE
> Task :project9:compileJava UP-TO-DATE
> Task :project6:compileJava UP-TO-DATE
> Task :project9:processResources NO-SOURCE
> Task :project6:processResources NO-SOURCE
> Task :project9:classes UP-TO-DATE
> Task :project6:classes UP-TO-DATE
> Task :project6:jar UP-TO-DATE
> Task :project9:jar UP-TO-DATE
> Task :project6:assemble UP-TO-DATE
> Task :project9:assemble UP-TO-DATE
> Task :project0:compileJava
> Task :project0:processResources NO-SOURCE
> Task :project0:classes
> Task :project8:compileJava UP-TO-DATE
> Task :project3:compileJava UP-TO-DATE
> Task :project4:compileJava UP-TO-DATE
> Task :project8:classes UP-TO-DATE
> Task :project3:classes UP-TO-DATE
> Task :project4:classes UP-TO-DATE
> Task :project4:jar UP-TO-DATE
> Task :project3:jar UP-TO-DATE
> Task :project3:assemble UP-TO-DATE
> Task :project4:assemble UP-TO-DATE
> Task :project0:jar
> Task :project0:assemble
> Task :project8:jar UP-TO-DATE
> Task :project8:assemble UP-TO-DATE
> Task :project7:compileJava UP-TO-DATE
> Task :project7:classes UP-TO-DATE
> Task :project7:jar UP-TO-DATE
> Task :project7:assemble UP-TO-DATE

Deprecated Gradle features were used in this build, making it incompatible with Gradle 9.0.

You can use '--warning-mode all' to show the individual deprecation warnings and determine if they come from your own scripts or plugins.

For more on this, please refer to https://docs.gradle.org/8.2.1/userguide/command_line_interface.html#sec:command_line_warnings in the Gradle documentation.

BUILD SUCCESSFUL in 673ms
22 actionable tasks: 2 executed, 20 up-to-date
Used daemon with pid 74985
Execution time 703 ms

* Running measured build #4
> Task :buildSrc:compileJava UP-TO-DATE
> Task :buildSrc:compileGroovy NO-SOURCE
> Task :buildSrc:processResources NO-SOURCE
> Task :buildSrc:classes UP-TO-DATE
> Task :buildSrc:jar UP-TO-DATE
> Task :project3:processResources NO-SOURCE
> Task :project4:processResources NO-SOURCE
> Task :project2:compileJava UP-TO-DATE
> Task :project5:compileJava UP-TO-DATE
> Task :project1:compileJava UP-TO-DATE
> Task :project2:processResources NO-SOURCE
> Task :project5:processResources NO-SOURCE
> Task :project1:processResources NO-SOURCE
> Task :project2:classes UP-TO-DATE
> Task :project5:classes UP-TO-DATE
> Task :project1:classes UP-TO-DATE
> Task :project1:jar UP-TO-DATE
> Task :project2:jar UP-TO-DATE
> Task :project5:jar UP-TO-DATE
> Task :project1:assemble UP-TO-DATE
> Task :project2:assemble UP-TO-DATE
> Task :project5:assemble UP-TO-DATE
> Task :project7:processResources NO-SOURCE
> Task :project8:processResources NO-SOURCE
> Task :project9:compileJava UP-TO-DATE
> Task :project6:compileJava UP-TO-DATE
> Task :project6:processResources NO-SOURCE
> Task :project9:processResources NO-SOURCE
> Task :project6:classes UP-TO-DATE
> Task :project9:classes UP-TO-DATE
> Task :project6:jar UP-TO-DATE
> Task :project9:jar UP-TO-DATE
> Task :project6:assemble UP-TO-DATE
> Task :project9:assemble UP-TO-DATE
> Task :project0:compileJava
> Task :project0:processResources NO-SOURCE
> Task :project0:classes
> Task :project0:jar
> Task :project8:compileJava UP-TO-DATE
> Task :project4:compileJava UP-TO-DATE
> Task :project3:compileJava UP-TO-DATE
> Task :project0:assemble
> Task :project8:classes UP-TO-DATE
> Task :project3:classes UP-TO-DATE
> Task :project4:classes UP-TO-DATE
> Task :project3:jar UP-TO-DATE
> Task :project8:jar UP-TO-DATE
> Task :project3:assemble UP-TO-DATE
> Task :project4:jar UP-TO-DATE
> Task :project8:assemble UP-TO-DATE
> Task :project4:assemble UP-TO-DATE
> Task :project7:compileJava UP-TO-DATE
> Task :project7:classes UP-TO-DATE
> Task :project7:jar UP-TO-DATE
> Task :project7:assemble UP-TO-DATE

Deprecated Gradle features were used in this build, making it incompatible with Gradle 9.0.

You can use '--warning-mode all' to show the individual deprecation warnings and determine if they come from your own scripts or plugins.

For more on this, please refer to https://docs.gradle.org/8.2.1/userguide/command_line_interface.html#sec:command_line_warnings in the Gradle documentation.

BUILD SUCCESSFUL in 661ms
22 actionable tasks: 2 executed, 20 up-to-date
Used daemon with pid 74985
Execution time 708 ms

* Running measured build #5
> Task :buildSrc:compileJava UP-TO-DATE
> Task :buildSrc:compileGroovy NO-SOURCE
> Task :buildSrc:processResources NO-SOURCE
> Task :buildSrc:classes UP-TO-DATE
> Task :buildSrc:jar UP-TO-DATE
> Task :project3:processResources NO-SOURCE
> Task :project4:processResources NO-SOURCE
> Task :project2:compileJava UP-TO-DATE
> Task :project5:compileJava UP-TO-DATE
> Task :project1:compileJava UP-TO-DATE
> Task :project5:processResources NO-SOURCE
> Task :project5:classes UP-TO-DATE
> Task :project1:processResources NO-SOURCE
> Task :project2:processResources NO-SOURCE
> Task :project1:classes UP-TO-DATE
> Task :project2:classes UP-TO-DATE
> Task :project5:jar UP-TO-DATE
> Task :project1:jar UP-TO-DATE
> Task :project5:assemble UP-TO-DATE
> Task :project1:assemble UP-TO-DATE
> Task :project2:jar UP-TO-DATE
> Task :project2:assemble UP-TO-DATE
> Task :project7:processResources NO-SOURCE
> Task :project8:processResources NO-SOURCE
> Task :project6:compileJava UP-TO-DATE
> Task :project9:compileJava UP-TO-DATE
> Task :project6:processResources NO-SOURCE
> Task :project9:processResources NO-SOURCE
> Task :project6:classes UP-TO-DATE
> Task :project9:classes UP-TO-DATE
> Task :project6:jar UP-TO-DATE
> Task :project9:jar UP-TO-DATE
> Task :project6:assemble UP-TO-DATE
> Task :project9:assemble UP-TO-DATE
> Task :project0:compileJava
> Task :project0:processResources NO-SOURCE
> Task :project0:classes
> Task :project8:compileJava UP-TO-DATE
> Task :project3:compileJava UP-TO-DATE
> Task :project8:classes UP-TO-DATE
> Task :project4:compileJava UP-TO-DATE
> Task :project3:classes UP-TO-DATE
> Task :project4:classes UP-TO-DATE
> Task :project8:jar UP-TO-DATE
> Task :project3:jar UP-TO-DATE
> Task :project4:jar UP-TO-DATE
> Task :project3:assemble UP-TO-DATE
> Task :project4:assemble UP-TO-DATE
> Task :project8:assemble UP-TO-DATE
> Task :project0:jar
> Task :project0:assemble
> Task :project7:compileJava UP-TO-DATE
> Task :project7:classes UP-TO-DATE
> Task :project7:jar UP-TO-DATE
> Task :project7:assemble UP-TO-DATE

Deprecated Gradle features were used in this build, making it incompatible with Gradle 9.0.

You can use '--warning-mode all' to show the individual deprecation warnings and determine if they come from your own scripts or plugins.

For more on this, please refer to https://docs.gradle.org/8.2.1/userguide/command_line_interface.html#sec:command_line_warnings in the Gradle documentation.

BUILD SUCCESSFUL in 844ms
22 actionable tasks: 2 executed, 20 up-to-date
Used daemon with pid 74985
Execution time 878 ms

* Running measured build #6
> Task :buildSrc:compileJava UP-TO-DATE
> Task :buildSrc:compileGroovy NO-SOURCE
> Task :buildSrc:processResources NO-SOURCE
> Task :buildSrc:classes UP-TO-DATE
> Task :buildSrc:jar UP-TO-DATE
> Task :project3:processResources NO-SOURCE
> Task :project4:processResources NO-SOURCE
> Task :project2:compileJava UP-TO-DATE
> Task :project5:compileJava UP-TO-DATE
> Task :project1:compileJava UP-TO-DATE
> Task :project2:processResources NO-SOURCE
> Task :project5:processResources NO-SOURCE
> Task :project1:processResources NO-SOURCE
> Task :project2:classes UP-TO-DATE
> Task :project5:classes UP-TO-DATE
> Task :project1:classes UP-TO-DATE
> Task :project2:jar UP-TO-DATE
> Task :project1:jar UP-TO-DATE
> Task :project5:jar UP-TO-DATE
> Task :project2:assemble UP-TO-DATE
> Task :project1:assemble UP-TO-DATE
> Task :project5:assemble UP-TO-DATE
> Task :project7:processResources NO-SOURCE
> Task :project8:processResources NO-SOURCE
> Task :project6:compileJava UP-TO-DATE
> Task :project6:processResources NO-SOURCE
> Task :project6:classes UP-TO-DATE
> Task :project9:compileJava UP-TO-DATE
> Task :project9:processResources NO-SOURCE
> Task :project9:classes UP-TO-DATE
> Task :project6:jar UP-TO-DATE
> Task :project6:assemble UP-TO-DATE
> Task :project9:jar UP-TO-DATE
> Task :project9:assemble UP-TO-DATE
> Task :project0:compileJava
> Task :project0:processResources NO-SOURCE
> Task :project0:classes
> Task :project4:compileJava UP-TO-DATE
> Task :project8:compileJava UP-TO-DATE
> Task :project3:compileJava UP-TO-DATE
> Task :project4:classes UP-TO-DATE
> Task :project3:classes UP-TO-DATE
> Task :project4:jar UP-TO-DATE
> Task :project3:jar UP-TO-DATE
> Task :project4:assemble UP-TO-DATE
> Task :project3:assemble UP-TO-DATE
> Task :project8:classes UP-TO-DATE
> Task :project8:jar UP-TO-DATE
> Task :project0:jar
> Task :project8:assemble UP-TO-DATE
> Task :project7:compileJava UP-TO-DATE
> Task :project0:assemble
> Task :project7:classes UP-TO-DATE
> Task :project7:jar UP-TO-DATE
> Task :project7:assemble UP-TO-DATE

Deprecated Gradle features were used in this build, making it incompatible with Gradle 9.0.

You can use '--warning-mode all' to show the individual deprecation warnings and determine if they come from your own scripts or plugins.

For more on this, please refer to https://docs.gradle.org/8.2.1/userguide/command_line_interface.html#sec:command_line_warnings in the Gradle documentation.

BUILD SUCCESSFUL in 628ms
22 actionable tasks: 2 executed, 20 up-to-date
Used daemon with pid 74985
Execution time 653 ms

* Running measured build #7
> Task :buildSrc:compileJava UP-TO-DATE
> Task :buildSrc:compileGroovy NO-SOURCE
> Task :buildSrc:processResources NO-SOURCE
> Task :buildSrc:classes UP-TO-DATE
> Task :buildSrc:jar UP-TO-DATE
> Task :project3:processResources NO-SOURCE
> Task :project4:processResources NO-SOURCE
> Task :project2:compileJava UP-TO-DATE
> Task :project5:compileJava UP-TO-DATE
> Task :project1:compileJava UP-TO-DATE
> Task :project1:processResources NO-SOURCE
> Task :project5:processResources NO-SOURCE
> Task :project2:processResources NO-SOURCE
> Task :project1:classes UP-TO-DATE
> Task :project2:classes UP-TO-DATE
> Task :project5:classes UP-TO-DATE
> Task :project5:jar UP-TO-DATE
> Task :project1:jar UP-TO-DATE
> Task :project2:jar UP-TO-DATE
> Task :project1:assemble UP-TO-DATE
> Task :project5:assemble UP-TO-DATE
> Task :project2:assemble UP-TO-DATE
> Task :project7:processResources NO-SOURCE
> Task :project8:processResources NO-SOURCE
> Task :project6:compileJava UP-TO-DATE
> Task :project6:processResources NO-SOURCE
> Task :project9:compileJava UP-TO-DATE
> Task :project6:classes UP-TO-DATE
> Task :project9:processResources NO-SOURCE
> Task :project9:classes UP-TO-DATE
> Task :project6:jar UP-TO-DATE
> Task :project6:assemble UP-TO-DATE
> Task :project9:jar UP-TO-DATE
> Task :project9:assemble UP-TO-DATE
> Task :project0:compileJava
> Task :project0:processResources NO-SOURCE
> Task :project0:classes
> Task :project8:compileJava UP-TO-DATE
> Task :project3:compileJava UP-TO-DATE
> Task :project8:classes UP-TO-DATE
> Task :project4:compileJava UP-TO-DATE
> Task :project4:classes UP-TO-DATE
> Task :project3:classes UP-TO-DATE
> Task :project3:jar UP-TO-DATE
> Task :project3:assemble UP-TO-DATE
> Task :project8:jar UP-TO-DATE
> Task :project0:jar
> Task :project8:assemble UP-TO-DATE
> Task :project0:assemble
> Task :project4:jar UP-TO-DATE
> Task :project4:assemble UP-TO-DATE
> Task :project7:compileJava UP-TO-DATE
> Task :project7:classes UP-TO-DATE
> Task :project7:jar UP-TO-DATE
> Task :project7:assemble UP-TO-DATE

Deprecated Gradle features were used in this build, making it incompatible with Gradle 9.0.

You can use '--warning-mode all' to show the individual deprecation warnings and determine if they come from your own scripts or plugins.

For more on this, please refer to https://docs.gradle.org/8.2.1/userguide/command_line_interface.html#sec:command_line_warnings in the Gradle documentation.

BUILD SUCCESSFUL in 657ms
22 actionable tasks: 2 executed, 20 up-to-date
Used daemon with pid 74985
Execution time 691 ms

* Running measured build #8
> Task :buildSrc:compileJava UP-TO-DATE
> Task :buildSrc:compileGroovy NO-SOURCE
> Task :buildSrc:processResources NO-SOURCE
> Task :buildSrc:classes UP-TO-DATE
> Task :buildSrc:jar UP-TO-DATE
> Task :project3:processResources NO-SOURCE
> Task :project4:processResources NO-SOURCE
> Task :project5:compileJava UP-TO-DATE
> Task :project1:compileJava UP-TO-DATE
> Task :project2:compileJava UP-TO-DATE
> Task :project2:processResources NO-SOURCE
> Task :project5:processResources NO-SOURCE
> Task :project1:processResources NO-SOURCE
> Task :project2:classes UP-TO-DATE
> Task :project5:classes UP-TO-DATE
> Task :project1:classes UP-TO-DATE
> Task :project2:jar UP-TO-DATE
> Task :project5:jar UP-TO-DATE
> Task :project1:jar UP-TO-DATE
> Task :project2:assemble UP-TO-DATE
> Task :project5:assemble UP-TO-DATE
> Task :project1:assemble UP-TO-DATE
> Task :project7:processResources NO-SOURCE
> Task :project8:processResources NO-SOURCE
> Task :project6:compileJava UP-TO-DATE
> Task :project6:processResources NO-SOURCE
> Task :project9:compileJava UP-TO-DATE
> Task :project6:classes UP-TO-DATE
> Task :project9:processResources NO-SOURCE
> Task :project9:classes UP-TO-DATE
> Task :project6:jar UP-TO-DATE
> Task :project6:assemble UP-TO-DATE
> Task :project9:jar UP-TO-DATE
> Task :project9:assemble UP-TO-DATE
> Task :project0:compileJava
> Task :project0:processResources NO-SOURCE
> Task :project0:classes
> Task :project3:compileJava UP-TO-DATE
> Task :project4:compileJava UP-TO-DATE
> Task :project8:compileJava UP-TO-DATE
> Task :project3:classes UP-TO-DATE
> Task :project8:classes UP-TO-DATE
> Task :project4:classes UP-TO-DATE
> Task :project3:jar UP-TO-DATE
> Task :project3:assemble UP-TO-DATE
> Task :project4:jar UP-TO-DATE
> Task :project4:assemble UP-TO-DATE
> Task :project8:jar UP-TO-DATE
> Task :project0:jar
> Task :project8:assemble UP-TO-DATE
> Task :project0:assemble
> Task :project7:compileJava UP-TO-DATE
> Task :project7:classes UP-TO-DATE
> Task :project7:jar UP-TO-DATE
> Task :project7:assemble UP-TO-DATE

Deprecated Gradle features were used in this build, making it incompatible with Gradle 9.0.

You can use '--warning-mode all' to show the individual deprecation warnings and determine if they come from your own scripts or plugins.

For more on this, please refer to https://docs.gradle.org/8.2.1/userguide/command_line_interface.html#sec:command_line_warnings in the Gradle documentation.

BUILD SUCCESSFUL in 589ms
22 actionable tasks: 2 executed, 20 up-to-date
Used daemon with pid 74985
Execution time 624 ms

* Running measured build #9
> Task :buildSrc:compileJava UP-TO-DATE
> Task :buildSrc:compileGroovy NO-SOURCE
> Task :buildSrc:processResources NO-SOURCE
> Task :buildSrc:classes UP-TO-DATE
> Task :buildSrc:jar UP-TO-DATE
> Task :project3:processResources NO-SOURCE
> Task :project4:processResources NO-SOURCE
> Task :project2:compileJava UP-TO-DATE
> Task :project5:compileJava UP-TO-DATE
> Task :project1:compileJava UP-TO-DATE
> Task :project1:processResources NO-SOURCE
> Task :project5:processResources NO-SOURCE
> Task :project2:processResources NO-SOURCE
> Task :project1:classes UP-TO-DATE
> Task :project2:classes UP-TO-DATE
> Task :project5:classes UP-TO-DATE
> Task :project1:jar UP-TO-DATE
> Task :project2:jar UP-TO-DATE
> Task :project5:jar UP-TO-DATE
> Task :project5:assemble UP-TO-DATE
> Task :project1:assemble UP-TO-DATE
> Task :project2:assemble UP-TO-DATE
> Task :project7:processResources NO-SOURCE
> Task :project8:processResources NO-SOURCE
> Task :project9:compileJava UP-TO-DATE
> Task :project6:compileJava UP-TO-DATE
> Task :project9:processResources NO-SOURCE
> Task :project6:processResources NO-SOURCE
> Task :project9:classes UP-TO-DATE
> Task :project6:classes UP-TO-DATE
> Task :project6:jar UP-TO-DATE
> Task :project9:jar UP-TO-DATE
> Task :project6:assemble UP-TO-DATE
> Task :project9:assemble UP-TO-DATE
> Task :project0:compileJava
> Task :project0:processResources NO-SOURCE
> Task :project0:classes
> Task :project3:compileJava UP-TO-DATE
> Task :project4:compileJava UP-TO-DATE
> Task :project8:compileJava UP-TO-DATE
> Task :project3:classes UP-TO-DATE
> Task :project4:classes UP-TO-DATE
> Task :project4:jar UP-TO-DATE
> Task :project3:jar UP-TO-DATE
> Task :project4:assemble UP-TO-DATE
> Task :project3:assemble UP-TO-DATE
> Task :project8:classes UP-TO-DATE
> Task :project0:jar
> Task :project0:assemble
> Task :project7:compileJava UP-TO-DATE
> Task :project8:jar UP-TO-DATE
> Task :project7:classes UP-TO-DATE
> Task :project8:assemble UP-TO-DATE
> Task :project7:jar UP-TO-DATE
> Task :project7:assemble UP-TO-DATE

Deprecated Gradle features were used in this build, making it incompatible with Gradle 9.0.

You can use '--warning-mode all' to show the individual deprecation warnings and determine if they come from your own scripts or plugins.

For more on this, please refer to https://docs.gradle.org/8.2.1/userguide/command_line_interface.html#sec:command_line_warnings in the Gradle documentation.

BUILD SUCCESSFUL in 684ms
22 actionable tasks: 2 executed, 20 up-to-date
Used daemon with pid 74985
Execution time 706 ms

* Running measured build #10
> Task :buildSrc:compileJava UP-TO-DATE
> Task :buildSrc:compileGroovy NO-SOURCE
> Task :buildSrc:processResources NO-SOURCE
> Task :buildSrc:classes UP-TO-DATE
> Task :buildSrc:jar UP-TO-DATE
> Task :project3:processResources NO-SOURCE
> Task :project4:processResources NO-SOURCE
> Task :project1:compileJava UP-TO-DATE
> Task :project5:compileJava UP-TO-DATE
> Task :project2:compileJava UP-TO-DATE
> Task :project1:processResources NO-SOURCE
> Task :project5:processResources NO-SOURCE
> Task :project1:classes UP-TO-DATE
> Task :project2:processResources NO-SOURCE
> Task :project5:classes UP-TO-DATE
> Task :project2:classes UP-TO-DATE
> Task :project5:jar UP-TO-DATE
> Task :project1:jar UP-TO-DATE
> Task :project1:assemble UP-TO-DATE
> Task :project5:assemble UP-TO-DATE
> Task :project2:jar UP-TO-DATE
> Task :project2:assemble UP-TO-DATE
> Task :project7:processResources NO-SOURCE
> Task :project8:processResources NO-SOURCE
> Task :project6:compileJava UP-TO-DATE
> Task :project9:compileJava UP-TO-DATE
> Task :project6:processResources NO-SOURCE
> Task :project6:classes UP-TO-DATE
> Task :project9:processResources NO-SOURCE
> Task :project9:classes UP-TO-DATE
> Task :project6:jar UP-TO-DATE
> Task :project6:assemble UP-TO-DATE
> Task :project9:jar UP-TO-DATE
> Task :project9:assemble UP-TO-DATE
> Task :project0:compileJava
> Task :project0:processResources NO-SOURCE
> Task :project0:classes
> Task :project8:compileJava UP-TO-DATE
> Task :project3:compileJava UP-TO-DATE
> Task :project4:compileJava UP-TO-DATE
> Task :project3:classes UP-TO-DATE
> Task :project4:classes UP-TO-DATE
> Task :project3:jar UP-TO-DATE
> Task :project3:assemble UP-TO-DATE
> Task :project8:classes UP-TO-DATE
> Task :project4:jar UP-TO-DATE
> Task :project4:assemble UP-TO-DATE
> Task :project8:jar UP-TO-DATE
> Task :project8:assemble UP-TO-DATE
> Task :project7:compileJava UP-TO-DATE
> Task :project0:jar
> Task :project0:assemble
> Task :project7:classes UP-TO-DATE
> Task :project7:jar UP-TO-DATE
> Task :project7:assemble UP-TO-DATE

Deprecated Gradle features were used in this build, making it incompatible with Gradle 9.0.

You can use '--warning-mode all' to show the individual deprecation warnings and determine if they come from your own scripts or plugins.

For more on this, please refer to https://docs.gradle.org/8.2.1/userguide/command_line_interface.html#sec:command_line_warnings in the Gradle documentation.

BUILD SUCCESSFUL in 602ms
22 actionable tasks: 2 executed, 20 up-to-date
Used daemon with pid 74985
Execution time 640 ms

* Stopping daemons
Running command /Users/ttresansky/Projects/compilation-avoidance-experiment/gradle-user-home/wrapper/dists/gradle-8.2.1-bin/5hap6b9n41hkg4jeh2au2pllh/gradle-8.2.1/bin/gradle --stop --gradle-user-home /Users/ttresansky/Projects/compilation-avoidance-experiment/gradle-user-home
Stopping Daemon(s)
1 Daemon stopped

* Results written to /Users/ttresansky/Projects/compilation-avoidance-experiment/results/nonAbiChange/gradle-8.2.1
  /Users/ttresansky/Projects/compilation-avoidance-experiment/results/nonAbiChange/gradle-8.2.1/benchmark.csv
  /Users/ttresansky/Projects/compilation-avoidance-experiment/results/nonAbiChange/gradle-8.2.1/benchmark.html

